The system is: Linux - 6.1.72-96.166.amzn2023.x86_64 - x86_64
Compiling the C compiler identification source file "CMakeCCompilerId.c" succeeded.
Compiler: /usr/bin/cc 
Build flags: 
Id flags:  

The output was:
0


Compilation of the C compiler identification source "CMakeCCompilerId.c" produced "a.out"

The C compiler identification is GNU, found in "/home/ec2-user/s3/S3C++/CMakeFiles/3.22.2/CompilerIdC/a.out"

Compiling the CXX compiler identification source file "CMakeCXXCompilerId.cpp" succeeded.
Compiler: /usr/bin/c++ 
Build flags: 
Id flags:  

The output was:
0


Compilation of the CXX compiler identification source "CMakeCXXCompilerId.cpp" produced "a.out"

The CXX compiler identification is GNU, found in "/home/ec2-user/s3/S3C++/CMakeFiles/3.22.2/CompilerIdCXX/a.out"

Detecting C compiler ABI info compiled with the following output:
Change Dir: /home/ec2-user/s3/S3C++/CMakeFiles/CMakeTmp

Run Build Command(s):/usr/bin/gmake -f Makefile cmTC_0dad5/fast && /usr/bin/gmake  -f CMakeFiles/cmTC_0dad5.dir/build.make CMakeFiles/cmTC_0dad5.dir/build
gmake[1]: Entering directory '/home/ec2-user/s3/S3C++/CMakeFiles/CMakeTmp'
Building C object CMakeFiles/cmTC_0dad5.dir/CMakeCCompilerABI.c.o
/usr/bin/cc   -v -o CMakeFiles/cmTC_0dad5.dir/CMakeCCompilerABI.c.o -c /usr/share/cmake/Modules/CMakeCCompilerABI.c
Using built-in specs.
COLLECT_GCC=/usr/bin/cc
OFFLOAD_TARGET_NAMES=nvptx-none
OFFLOAD_TARGET_DEFAULT=1
Target: x86_64-amazon-linux
Configured with: ../configure --enable-bootstrap --enable-languages=c,c++,fortran,lto --prefix=/usr --mandir=/usr/share/man --infodir=/usr/share/info --with-bugurl=https://github.com/amazonlinux/amazon-linux-2022 --enable-shared --enable-threads=posix --enable-checking=release --enable-multilib --with-system-zlib --enable-__cxa_atexit --disable-libunwind-exceptions --enable-gnu-unique-object --enable-linker-build-id --with-gcc-major-version-only --with-linker-hash-style=gnu --enable-plugin --enable-initfini-array --with-isl=/builddir/build/BUILD/gcc-11.4.1-20230605/obj-x86_64-amazon-linux/isl-install --enable-offload-targets=nvptx-none --without-cuda-driver --enable-gnu-indirect-function --enable-cet --with-tune=generic --with-arch_64=x86-64-v2 --with-arch_32=x86-64 --build=x86_64-amazon-linux
Thread model: posix
Supported LTO compression algorithms: zlib zstd
gcc version 11.4.1 20230605 (Red Hat 11.4.1-2) (GCC) 
COLLECT_GCC_OPTIONS='-v' '-o' 'CMakeFiles/cmTC_0dad5.dir/CMakeCCompilerABI.c.o' '-c' '-mtune=generic' '-march=x86-64-v2' '-dumpdir' 'CMakeFiles/cmTC_0dad5.dir/'
 /usr/libexec/gcc/x86_64-amazon-linux/11/cc1 -quiet -v /usr/share/cmake/Modules/CMakeCCompilerABI.c -quiet -dumpdir CMakeFiles/cmTC_0dad5.dir/ -dumpbase CMakeCCompilerABI.c.c -dumpbase-ext .c -mtune=generic -march=x86-64-v2 -version -o /tmp/ccMPRoVE.s
GNU C17 (GCC) version 11.4.1 20230605 (Red Hat 11.4.1-2) (x86_64-amazon-linux)
	compiled by GNU C version 11.4.1 20230605 (Red Hat 11.4.1-2), GMP version 6.2.1, MPFR version 4.1.0-p13, MPC version 1.2.1, isl version isl-0.18-GMP

GGC heuristics: --param ggc-min-expand=100 --param ggc-min-heapsize=131072
ignoring nonexistent directory "/usr/lib/gcc/x86_64-amazon-linux/11/include-fixed"
ignoring nonexistent directory "/usr/lib/gcc/x86_64-amazon-linux/11/../../../../x86_64-amazon-linux/include"
#include "..." search starts here:
#include <...> search starts here:
 /usr/lib/gcc/x86_64-amazon-linux/11/include
 /usr/local/include
 /usr/include
End of search list.
GNU C17 (GCC) version 11.4.1 20230605 (Red Hat 11.4.1-2) (x86_64-amazon-linux)
	compiled by GNU C version 11.4.1 20230605 (Red Hat 11.4.1-2), GMP version 6.2.1, MPFR version 4.1.0-p13, MPC version 1.2.1, isl version isl-0.18-GMP

GGC heuristics: --param ggc-min-expand=100 --param ggc-min-heapsize=131072
Compiler executable checksum: 38fb4a4e7f51057a7187ca448e18904b
COLLECT_GCC_OPTIONS='-v' '-o' 'CMakeFiles/cmTC_0dad5.dir/CMakeCCompilerABI.c.o' '-c' '-mtune=generic' '-march=x86-64-v2' '-dumpdir' 'CMakeFiles/cmTC_0dad5.dir/'
 as -v --64 -o CMakeFiles/cmTC_0dad5.dir/CMakeCCompilerABI.c.o /tmp/ccMPRoVE.s
GNU assembler version 2.39 (x86_64-amazon-linux) using BFD version version 2.39-6.amzn2023.0.10
COMPILER_PATH=/usr/libexec/gcc/x86_64-amazon-linux/11/:/usr/libexec/gcc/x86_64-amazon-linux/11/:/usr/libexec/gcc/x86_64-amazon-linux/:/usr/lib/gcc/x86_64-amazon-linux/11/:/usr/lib/gcc/x86_64-amazon-linux/
LIBRARY_PATH=/usr/lib/gcc/x86_64-amazon-linux/11/:/usr/lib/gcc/x86_64-amazon-linux/11/../../../../lib64/:/lib/../lib64/:/usr/lib/../lib64/:/usr/lib/gcc/x86_64-amazon-linux/11/../../../:/lib/:/usr/lib/
COLLECT_GCC_OPTIONS='-v' '-o' 'CMakeFiles/cmTC_0dad5.dir/CMakeCCompilerABI.c.o' '-c' '-mtune=generic' '-march=x86-64-v2' '-dumpdir' 'CMakeFiles/cmTC_0dad5.dir/CMakeCCompilerABI.c.'
Linking C executable cmTC_0dad5
/usr/bin/cmake -E cmake_link_script CMakeFiles/cmTC_0dad5.dir/link.txt --verbose=1
/usr/bin/cc  -v CMakeFiles/cmTC_0dad5.dir/CMakeCCompilerABI.c.o -o cmTC_0dad5 
Using built-in specs.
COLLECT_GCC=/usr/bin/cc
COLLECT_LTO_WRAPPER=/usr/libexec/gcc/x86_64-amazon-linux/11/lto-wrapper
OFFLOAD_TARGET_NAMES=nvptx-none
OFFLOAD_TARGET_DEFAULT=1
Target: x86_64-amazon-linux
Configured with: ../configure --enable-bootstrap --enable-languages=c,c++,fortran,lto --prefix=/usr --mandir=/usr/share/man --infodir=/usr/share/info --with-bugurl=https://github.com/amazonlinux/amazon-linux-2022 --enable-shared --enable-threads=posix --enable-checking=release --enable-multilib --with-system-zlib --enable-__cxa_atexit --disable-libunwind-exceptions --enable-gnu-unique-object --enable-linker-build-id --with-gcc-major-version-only --with-linker-hash-style=gnu --enable-plugin --enable-initfini-array --with-isl=/builddir/build/BUILD/gcc-11.4.1-20230605/obj-x86_64-amazon-linux/isl-install --enable-offload-targets=nvptx-none --without-cuda-driver --enable-gnu-indirect-function --enable-cet --with-tune=generic --with-arch_64=x86-64-v2 --with-arch_32=x86-64 --build=x86_64-amazon-linux
Thread model: posix
Supported LTO compression algorithms: zlib zstd
gcc version 11.4.1 20230605 (Red Hat 11.4.1-2) (GCC) 
COMPILER_PATH=/usr/libexec/gcc/x86_64-amazon-linux/11/:/usr/libexec/gcc/x86_64-amazon-linux/11/:/usr/libexec/gcc/x86_64-amazon-linux/:/usr/lib/gcc/x86_64-amazon-linux/11/:/usr/lib/gcc/x86_64-amazon-linux/
LIBRARY_PATH=/usr/lib/gcc/x86_64-amazon-linux/11/:/usr/lib/gcc/x86_64-amazon-linux/11/../../../../lib64/:/lib/../lib64/:/usr/lib/../lib64/:/usr/lib/gcc/x86_64-amazon-linux/11/../../../:/lib/:/usr/lib/
COLLECT_GCC_OPTIONS='-v' '-o' 'cmTC_0dad5' '-mtune=generic' '-march=x86-64-v2' '-dumpdir' 'cmTC_0dad5.'
 /usr/libexec/gcc/x86_64-amazon-linux/11/collect2 -plugin /usr/libexec/gcc/x86_64-amazon-linux/11/liblto_plugin.so -plugin-opt=/usr/libexec/gcc/x86_64-amazon-linux/11/lto-wrapper -plugin-opt=-fresolution=/tmp/cci989MH.res -plugin-opt=-pass-through=-lgcc -plugin-opt=-pass-through=-lgcc_s -plugin-opt=-pass-through=-lc -plugin-opt=-pass-through=-lgcc -plugin-opt=-pass-through=-lgcc_s --build-id --no-add-needed --eh-frame-hdr --hash-style=gnu -m elf_x86_64 -dynamic-linker /lib64/ld-linux-x86-64.so.2 -o cmTC_0dad5 /usr/lib/gcc/x86_64-amazon-linux/11/../../../../lib64/crt1.o /usr/lib/gcc/x86_64-amazon-linux/11/../../../../lib64/crti.o /usr/lib/gcc/x86_64-amazon-linux/11/crtbegin.o -L/usr/lib/gcc/x86_64-amazon-linux/11 -L/usr/lib/gcc/x86_64-amazon-linux/11/../../../../lib64 -L/lib/../lib64 -L/usr/lib/../lib64 -L/usr/lib/gcc/x86_64-amazon-linux/11/../../.. CMakeFiles/cmTC_0dad5.dir/CMakeCCompilerABI.c.o -lgcc --push-state --as-needed -lgcc_s --pop-state -lc -lgcc --push-state --as-needed -lgcc_s --pop-state /usr/lib/gcc/x86_64-amazon-linux/11/crtend.o /usr/lib/gcc/x86_64-amazon-linux/11/../../../../lib64/crtn.o
COLLECT_GCC_OPTIONS='-v' '-o' 'cmTC_0dad5' '-mtune=generic' '-march=x86-64-v2' '-dumpdir' 'cmTC_0dad5.'
gmake[1]: Leaving directory '/home/ec2-user/s3/S3C++/CMakeFiles/CMakeTmp'



Parsed C implicit include dir info from above output: rv=done
  found start of include info
  found start of implicit include info
    add: [/usr/lib/gcc/x86_64-amazon-linux/11/include]
    add: [/usr/local/include]
    add: [/usr/include]
  end of search list found
  collapse include dir [/usr/lib/gcc/x86_64-amazon-linux/11/include] ==> [/usr/lib/gcc/x86_64-amazon-linux/11/include]
  collapse include dir [/usr/local/include] ==> [/usr/local/include]
  collapse include dir [/usr/include] ==> [/usr/include]
  implicit include dirs: [/usr/lib/gcc/x86_64-amazon-linux/11/include;/usr/local/include;/usr/include]


Parsed C implicit link information from above output:
  link line regex: [^( *|.*[/\])(ld|CMAKE_LINK_STARTFILE-NOTFOUND|([^/\]+-)?ld|collect2)[^/\]*( |$)]
  ignore line: [Change Dir: /home/ec2-user/s3/S3C++/CMakeFiles/CMakeTmp]
  ignore line: []
  ignore line: [Run Build Command(s):/usr/bin/gmake -f Makefile cmTC_0dad5/fast && /usr/bin/gmake  -f CMakeFiles/cmTC_0dad5.dir/build.make CMakeFiles/cmTC_0dad5.dir/build]
  ignore line: [gmake[1]: Entering directory '/home/ec2-user/s3/S3C++/CMakeFiles/CMakeTmp']
  ignore line: [Building C object CMakeFiles/cmTC_0dad5.dir/CMakeCCompilerABI.c.o]
  ignore line: [/usr/bin/cc   -v -o CMakeFiles/cmTC_0dad5.dir/CMakeCCompilerABI.c.o -c /usr/share/cmake/Modules/CMakeCCompilerABI.c]
  ignore line: [Using built-in specs.]
  ignore line: [COLLECT_GCC=/usr/bin/cc]
  ignore line: [OFFLOAD_TARGET_NAMES=nvptx-none]
  ignore line: [OFFLOAD_TARGET_DEFAULT=1]
  ignore line: [Target: x86_64-amazon-linux]
  ignore line: [Configured with: ../configure --enable-bootstrap --enable-languages=c c++ fortran lto --prefix=/usr --mandir=/usr/share/man --infodir=/usr/share/info --with-bugurl=https://github.com/amazonlinux/amazon-linux-2022 --enable-shared --enable-threads=posix --enable-checking=release --enable-multilib --with-system-zlib --enable-__cxa_atexit --disable-libunwind-exceptions --enable-gnu-unique-object --enable-linker-build-id --with-gcc-major-version-only --with-linker-hash-style=gnu --enable-plugin --enable-initfini-array --with-isl=/builddir/build/BUILD/gcc-11.4.1-20230605/obj-x86_64-amazon-linux/isl-install --enable-offload-targets=nvptx-none --without-cuda-driver --enable-gnu-indirect-function --enable-cet --with-tune=generic --with-arch_64=x86-64-v2 --with-arch_32=x86-64 --build=x86_64-amazon-linux]
  ignore line: [Thread model: posix]
  ignore line: [Supported LTO compression algorithms: zlib zstd]
  ignore line: [gcc version 11.4.1 20230605 (Red Hat 11.4.1-2) (GCC) ]
  ignore line: [COLLECT_GCC_OPTIONS='-v' '-o' 'CMakeFiles/cmTC_0dad5.dir/CMakeCCompilerABI.c.o' '-c' '-mtune=generic' '-march=x86-64-v2' '-dumpdir' 'CMakeFiles/cmTC_0dad5.dir/']
  ignore line: [ /usr/libexec/gcc/x86_64-amazon-linux/11/cc1 -quiet -v /usr/share/cmake/Modules/CMakeCCompilerABI.c -quiet -dumpdir CMakeFiles/cmTC_0dad5.dir/ -dumpbase CMakeCCompilerABI.c.c -dumpbase-ext .c -mtune=generic -march=x86-64-v2 -version -o /tmp/ccMPRoVE.s]
  ignore line: [GNU C17 (GCC) version 11.4.1 20230605 (Red Hat 11.4.1-2) (x86_64-amazon-linux)]
  ignore line: [	compiled by GNU C version 11.4.1 20230605 (Red Hat 11.4.1-2)  GMP version 6.2.1  MPFR version 4.1.0-p13  MPC version 1.2.1  isl version isl-0.18-GMP]
  ignore line: []
  ignore line: [GGC heuristics: --param ggc-min-expand=100 --param ggc-min-heapsize=131072]
  ignore line: [ignoring nonexistent directory "/usr/lib/gcc/x86_64-amazon-linux/11/include-fixed"]
  ignore line: [ignoring nonexistent directory "/usr/lib/gcc/x86_64-amazon-linux/11/../../../../x86_64-amazon-linux/include"]
  ignore line: [#include "..." search starts here:]
  ignore line: [#include <...> search starts here:]
  ignore line: [ /usr/lib/gcc/x86_64-amazon-linux/11/include]
  ignore line: [ /usr/local/include]
  ignore line: [ /usr/include]
  ignore line: [End of search list.]
  ignore line: [GNU C17 (GCC) version 11.4.1 20230605 (Red Hat 11.4.1-2) (x86_64-amazon-linux)]
  ignore line: [	compiled by GNU C version 11.4.1 20230605 (Red Hat 11.4.1-2)  GMP version 6.2.1  MPFR version 4.1.0-p13  MPC version 1.2.1  isl version isl-0.18-GMP]
  ignore line: []
  ignore line: [GGC heuristics: --param ggc-min-expand=100 --param ggc-min-heapsize=131072]
  ignore line: [Compiler executable checksum: 38fb4a4e7f51057a7187ca448e18904b]
  ignore line: [COLLECT_GCC_OPTIONS='-v' '-o' 'CMakeFiles/cmTC_0dad5.dir/CMakeCCompilerABI.c.o' '-c' '-mtune=generic' '-march=x86-64-v2' '-dumpdir' 'CMakeFiles/cmTC_0dad5.dir/']
  ignore line: [ as -v --64 -o CMakeFiles/cmTC_0dad5.dir/CMakeCCompilerABI.c.o /tmp/ccMPRoVE.s]
  ignore line: [GNU assembler version 2.39 (x86_64-amazon-linux) using BFD version version 2.39-6.amzn2023.0.10]
  ignore line: [COMPILER_PATH=/usr/libexec/gcc/x86_64-amazon-linux/11/:/usr/libexec/gcc/x86_64-amazon-linux/11/:/usr/libexec/gcc/x86_64-amazon-linux/:/usr/lib/gcc/x86_64-amazon-linux/11/:/usr/lib/gcc/x86_64-amazon-linux/]
  ignore line: [LIBRARY_PATH=/usr/lib/gcc/x86_64-amazon-linux/11/:/usr/lib/gcc/x86_64-amazon-linux/11/../../../../lib64/:/lib/../lib64/:/usr/lib/../lib64/:/usr/lib/gcc/x86_64-amazon-linux/11/../../../:/lib/:/usr/lib/]
  ignore line: [COLLECT_GCC_OPTIONS='-v' '-o' 'CMakeFiles/cmTC_0dad5.dir/CMakeCCompilerABI.c.o' '-c' '-mtune=generic' '-march=x86-64-v2' '-dumpdir' 'CMakeFiles/cmTC_0dad5.dir/CMakeCCompilerABI.c.']
  ignore line: [Linking C executable cmTC_0dad5]
  ignore line: [/usr/bin/cmake -E cmake_link_script CMakeFiles/cmTC_0dad5.dir/link.txt --verbose=1]
  ignore line: [/usr/bin/cc  -v CMakeFiles/cmTC_0dad5.dir/CMakeCCompilerABI.c.o -o cmTC_0dad5 ]
  ignore line: [Using built-in specs.]
  ignore line: [COLLECT_GCC=/usr/bin/cc]
  ignore line: [COLLECT_LTO_WRAPPER=/usr/libexec/gcc/x86_64-amazon-linux/11/lto-wrapper]
  ignore line: [OFFLOAD_TARGET_NAMES=nvptx-none]
  ignore line: [OFFLOAD_TARGET_DEFAULT=1]
  ignore line: [Target: x86_64-amazon-linux]
  ignore line: [Configured with: ../configure --enable-bootstrap --enable-languages=c c++ fortran lto --prefix=/usr --mandir=/usr/share/man --infodir=/usr/share/info --with-bugurl=https://github.com/amazonlinux/amazon-linux-2022 --enable-shared --enable-threads=posix --enable-checking=release --enable-multilib --with-system-zlib --enable-__cxa_atexit --disable-libunwind-exceptions --enable-gnu-unique-object --enable-linker-build-id --with-gcc-major-version-only --with-linker-hash-style=gnu --enable-plugin --enable-initfini-array --with-isl=/builddir/build/BUILD/gcc-11.4.1-20230605/obj-x86_64-amazon-linux/isl-install --enable-offload-targets=nvptx-none --without-cuda-driver --enable-gnu-indirect-function --enable-cet --with-tune=generic --with-arch_64=x86-64-v2 --with-arch_32=x86-64 --build=x86_64-amazon-linux]
  ignore line: [Thread model: posix]
  ignore line: [Supported LTO compression algorithms: zlib zstd]
  ignore line: [gcc version 11.4.1 20230605 (Red Hat 11.4.1-2) (GCC) ]
  ignore line: [COMPILER_PATH=/usr/libexec/gcc/x86_64-amazon-linux/11/:/usr/libexec/gcc/x86_64-amazon-linux/11/:/usr/libexec/gcc/x86_64-amazon-linux/:/usr/lib/gcc/x86_64-amazon-linux/11/:/usr/lib/gcc/x86_64-amazon-linux/]
  ignore line: [LIBRARY_PATH=/usr/lib/gcc/x86_64-amazon-linux/11/:/usr/lib/gcc/x86_64-amazon-linux/11/../../../../lib64/:/lib/../lib64/:/usr/lib/../lib64/:/usr/lib/gcc/x86_64-amazon-linux/11/../../../:/lib/:/usr/lib/]
  ignore line: [COLLECT_GCC_OPTIONS='-v' '-o' 'cmTC_0dad5' '-mtune=generic' '-march=x86-64-v2' '-dumpdir' 'cmTC_0dad5.']
  link line: [ /usr/libexec/gcc/x86_64-amazon-linux/11/collect2 -plugin /usr/libexec/gcc/x86_64-amazon-linux/11/liblto_plugin.so -plugin-opt=/usr/libexec/gcc/x86_64-amazon-linux/11/lto-wrapper -plugin-opt=-fresolution=/tmp/cci989MH.res -plugin-opt=-pass-through=-lgcc -plugin-opt=-pass-through=-lgcc_s -plugin-opt=-pass-through=-lc -plugin-opt=-pass-through=-lgcc -plugin-opt=-pass-through=-lgcc_s --build-id --no-add-needed --eh-frame-hdr --hash-style=gnu -m elf_x86_64 -dynamic-linker /lib64/ld-linux-x86-64.so.2 -o cmTC_0dad5 /usr/lib/gcc/x86_64-amazon-linux/11/../../../../lib64/crt1.o /usr/lib/gcc/x86_64-amazon-linux/11/../../../../lib64/crti.o /usr/lib/gcc/x86_64-amazon-linux/11/crtbegin.o -L/usr/lib/gcc/x86_64-amazon-linux/11 -L/usr/lib/gcc/x86_64-amazon-linux/11/../../../../lib64 -L/lib/../lib64 -L/usr/lib/../lib64 -L/usr/lib/gcc/x86_64-amazon-linux/11/../../.. CMakeFiles/cmTC_0dad5.dir/CMakeCCompilerABI.c.o -lgcc --push-state --as-needed -lgcc_s --pop-state -lc -lgcc --push-state --as-needed -lgcc_s --pop-state /usr/lib/gcc/x86_64-amazon-linux/11/crtend.o /usr/lib/gcc/x86_64-amazon-linux/11/../../../../lib64/crtn.o]
    arg [/usr/libexec/gcc/x86_64-amazon-linux/11/collect2] ==> ignore
    arg [-plugin] ==> ignore
    arg [/usr/libexec/gcc/x86_64-amazon-linux/11/liblto_plugin.so] ==> ignore
    arg [-plugin-opt=/usr/libexec/gcc/x86_64-amazon-linux/11/lto-wrapper] ==> ignore
    arg [-plugin-opt=-fresolution=/tmp/cci989MH.res] ==> ignore
    arg [-plugin-opt=-pass-through=-lgcc] ==> ignore
    arg [-plugin-opt=-pass-through=-lgcc_s] ==> ignore
    arg [-plugin-opt=-pass-through=-lc] ==> ignore
    arg [-plugin-opt=-pass-through=-lgcc] ==> ignore
    arg [-plugin-opt=-pass-through=-lgcc_s] ==> ignore
    arg [--build-id] ==> ignore
    arg [--no-add-needed] ==> ignore
    arg [--eh-frame-hdr] ==> ignore
    arg [--hash-style=gnu] ==> ignore
    arg [-m] ==> ignore
    arg [elf_x86_64] ==> ignore
    arg [-dynamic-linker] ==> ignore
    arg [/lib64/ld-linux-x86-64.so.2] ==> ignore
    arg [-o] ==> ignore
    arg [cmTC_0dad5] ==> ignore
    arg [/usr/lib/gcc/x86_64-amazon-linux/11/../../../../lib64/crt1.o] ==> obj [/usr/lib/gcc/x86_64-amazon-linux/11/../../../../lib64/crt1.o]
    arg [/usr/lib/gcc/x86_64-amazon-linux/11/../../../../lib64/crti.o] ==> obj [/usr/lib/gcc/x86_64-amazon-linux/11/../../../../lib64/crti.o]
    arg [/usr/lib/gcc/x86_64-amazon-linux/11/crtbegin.o] ==> obj [/usr/lib/gcc/x86_64-amazon-linux/11/crtbegin.o]
    arg [-L/usr/lib/gcc/x86_64-amazon-linux/11] ==> dir [/usr/lib/gcc/x86_64-amazon-linux/11]
    arg [-L/usr/lib/gcc/x86_64-amazon-linux/11/../../../../lib64] ==> dir [/usr/lib/gcc/x86_64-amazon-linux/11/../../../../lib64]
    arg [-L/lib/../lib64] ==> dir [/lib/../lib64]
    arg [-L/usr/lib/../lib64] ==> dir [/usr/lib/../lib64]
    arg [-L/usr/lib/gcc/x86_64-amazon-linux/11/../../..] ==> dir [/usr/lib/gcc/x86_64-amazon-linux/11/../../..]
    arg [CMakeFiles/cmTC_0dad5.dir/CMakeCCompilerABI.c.o] ==> ignore
    arg [-lgcc] ==> lib [gcc]
    arg [--push-state] ==> ignore
    arg [--as-needed] ==> ignore
    arg [-lgcc_s] ==> lib [gcc_s]
    arg [--pop-state] ==> ignore
    arg [-lc] ==> lib [c]
    arg [-lgcc] ==> lib [gcc]
    arg [--push-state] ==> ignore
    arg [--as-needed] ==> ignore
    arg [-lgcc_s] ==> lib [gcc_s]
    arg [--pop-state] ==> ignore
    arg [/usr/lib/gcc/x86_64-amazon-linux/11/crtend.o] ==> obj [/usr/lib/gcc/x86_64-amazon-linux/11/crtend.o]
    arg [/usr/lib/gcc/x86_64-amazon-linux/11/../../../../lib64/crtn.o] ==> obj [/usr/lib/gcc/x86_64-amazon-linux/11/../../../../lib64/crtn.o]
  collapse obj [/usr/lib/gcc/x86_64-amazon-linux/11/../../../../lib64/crt1.o] ==> [/usr/lib64/crt1.o]
  collapse obj [/usr/lib/gcc/x86_64-amazon-linux/11/../../../../lib64/crti.o] ==> [/usr/lib64/crti.o]
  collapse obj [/usr/lib/gcc/x86_64-amazon-linux/11/../../../../lib64/crtn.o] ==> [/usr/lib64/crtn.o]
  collapse library dir [/usr/lib/gcc/x86_64-amazon-linux/11] ==> [/usr/lib/gcc/x86_64-amazon-linux/11]
  collapse library dir [/usr/lib/gcc/x86_64-amazon-linux/11/../../../../lib64] ==> [/usr/lib64]
  collapse library dir [/lib/../lib64] ==> [/lib64]
  collapse library dir [/usr/lib/../lib64] ==> [/usr/lib64]
  collapse library dir [/usr/lib/gcc/x86_64-amazon-linux/11/../../..] ==> [/usr/lib]
  implicit libs: [gcc;gcc_s;c;gcc;gcc_s]
  implicit objs: [/usr/lib64/crt1.o;/usr/lib64/crti.o;/usr/lib/gcc/x86_64-amazon-linux/11/crtbegin.o;/usr/lib/gcc/x86_64-amazon-linux/11/crtend.o;/usr/lib64/crtn.o]
  implicit dirs: [/usr/lib/gcc/x86_64-amazon-linux/11;/usr/lib64;/lib64;/usr/lib]
  implicit fwks: []


Detecting CXX compiler ABI info compiled with the following output:
Change Dir: /home/ec2-user/s3/S3C++/CMakeFiles/CMakeTmp

Run Build Command(s):/usr/bin/gmake -f Makefile cmTC_a37c2/fast && /usr/bin/gmake  -f CMakeFiles/cmTC_a37c2.dir/build.make CMakeFiles/cmTC_a37c2.dir/build
gmake[1]: Entering directory '/home/ec2-user/s3/S3C++/CMakeFiles/CMakeTmp'
Building CXX object CMakeFiles/cmTC_a37c2.dir/CMakeCXXCompilerABI.cpp.o
/usr/bin/c++   -v -o CMakeFiles/cmTC_a37c2.dir/CMakeCXXCompilerABI.cpp.o -c /usr/share/cmake/Modules/CMakeCXXCompilerABI.cpp
Using built-in specs.
COLLECT_GCC=/usr/bin/c++
OFFLOAD_TARGET_NAMES=nvptx-none
OFFLOAD_TARGET_DEFAULT=1
Target: x86_64-amazon-linux
Configured with: ../configure --enable-bootstrap --enable-languages=c,c++,fortran,lto --prefix=/usr --mandir=/usr/share/man --infodir=/usr/share/info --with-bugurl=https://github.com/amazonlinux/amazon-linux-2022 --enable-shared --enable-threads=posix --enable-checking=release --enable-multilib --with-system-zlib --enable-__cxa_atexit --disable-libunwind-exceptions --enable-gnu-unique-object --enable-linker-build-id --with-gcc-major-version-only --with-linker-hash-style=gnu --enable-plugin --enable-initfini-array --with-isl=/builddir/build/BUILD/gcc-11.4.1-20230605/obj-x86_64-amazon-linux/isl-install --enable-offload-targets=nvptx-none --without-cuda-driver --enable-gnu-indirect-function --enable-cet --with-tune=generic --with-arch_64=x86-64-v2 --with-arch_32=x86-64 --build=x86_64-amazon-linux
Thread model: posix
Supported LTO compression algorithms: zlib zstd
gcc version 11.4.1 20230605 (Red Hat 11.4.1-2) (GCC) 
COLLECT_GCC_OPTIONS='-v' '-o' 'CMakeFiles/cmTC_a37c2.dir/CMakeCXXCompilerABI.cpp.o' '-c' '-shared-libgcc' '-mtune=generic' '-march=x86-64-v2' '-dumpdir' 'CMakeFiles/cmTC_a37c2.dir/'
 /usr/libexec/gcc/x86_64-amazon-linux/11/cc1plus -quiet -v -D_GNU_SOURCE /usr/share/cmake/Modules/CMakeCXXCompilerABI.cpp -quiet -dumpdir CMakeFiles/cmTC_a37c2.dir/ -dumpbase CMakeCXXCompilerABI.cpp.cpp -dumpbase-ext .cpp -mtune=generic -march=x86-64-v2 -version -o /tmp/cc7DjdWJ.s
GNU C++17 (GCC) version 11.4.1 20230605 (Red Hat 11.4.1-2) (x86_64-amazon-linux)
	compiled by GNU C version 11.4.1 20230605 (Red Hat 11.4.1-2), GMP version 6.2.1, MPFR version 4.1.0-p13, MPC version 1.2.1, isl version isl-0.18-GMP

GGC heuristics: --param ggc-min-expand=100 --param ggc-min-heapsize=131072
ignoring nonexistent directory "/usr/lib/gcc/x86_64-amazon-linux/11/include-fixed"
ignoring nonexistent directory "/usr/lib/gcc/x86_64-amazon-linux/11/../../../../x86_64-amazon-linux/include"
#include "..." search starts here:
#include <...> search starts here:
 /usr/lib/gcc/x86_64-amazon-linux/11/../../../../include/c++/11
 /usr/lib/gcc/x86_64-amazon-linux/11/../../../../include/c++/11/x86_64-amazon-linux
 /usr/lib/gcc/x86_64-amazon-linux/11/../../../../include/c++/11/backward
 /usr/lib/gcc/x86_64-amazon-linux/11/include
 /usr/local/include
 /usr/include
End of search list.
GNU C++17 (GCC) version 11.4.1 20230605 (Red Hat 11.4.1-2) (x86_64-amazon-linux)
	compiled by GNU C version 11.4.1 20230605 (Red Hat 11.4.1-2), GMP version 6.2.1, MPFR version 4.1.0-p13, MPC version 1.2.1, isl version isl-0.18-GMP

GGC heuristics: --param ggc-min-expand=100 --param ggc-min-heapsize=131072
Compiler executable checksum: 1249ba69de2df746d1069868cd01a539
COLLECT_GCC_OPTIONS='-v' '-o' 'CMakeFiles/cmTC_a37c2.dir/CMakeCXXCompilerABI.cpp.o' '-c' '-shared-libgcc' '-mtune=generic' '-march=x86-64-v2' '-dumpdir' 'CMakeFiles/cmTC_a37c2.dir/'
 as -v --64 -o CMakeFiles/cmTC_a37c2.dir/CMakeCXXCompilerABI.cpp.o /tmp/cc7DjdWJ.s
GNU assembler version 2.39 (x86_64-amazon-linux) using BFD version version 2.39-6.amzn2023.0.10
COMPILER_PATH=/usr/libexec/gcc/x86_64-amazon-linux/11/:/usr/libexec/gcc/x86_64-amazon-linux/11/:/usr/libexec/gcc/x86_64-amazon-linux/:/usr/lib/gcc/x86_64-amazon-linux/11/:/usr/lib/gcc/x86_64-amazon-linux/
LIBRARY_PATH=/usr/lib/gcc/x86_64-amazon-linux/11/:/usr/lib/gcc/x86_64-amazon-linux/11/../../../../lib64/:/lib/../lib64/:/usr/lib/../lib64/:/usr/lib/gcc/x86_64-amazon-linux/11/../../../:/lib/:/usr/lib/
COLLECT_GCC_OPTIONS='-v' '-o' 'CMakeFiles/cmTC_a37c2.dir/CMakeCXXCompilerABI.cpp.o' '-c' '-shared-libgcc' '-mtune=generic' '-march=x86-64-v2' '-dumpdir' 'CMakeFiles/cmTC_a37c2.dir/CMakeCXXCompilerABI.cpp.'
Linking CXX executable cmTC_a37c2
/usr/bin/cmake -E cmake_link_script CMakeFiles/cmTC_a37c2.dir/link.txt --verbose=1
/usr/bin/c++  -v CMakeFiles/cmTC_a37c2.dir/CMakeCXXCompilerABI.cpp.o -o cmTC_a37c2 
Using built-in specs.
COLLECT_GCC=/usr/bin/c++
COLLECT_LTO_WRAPPER=/usr/libexec/gcc/x86_64-amazon-linux/11/lto-wrapper
OFFLOAD_TARGET_NAMES=nvptx-none
OFFLOAD_TARGET_DEFAULT=1
Target: x86_64-amazon-linux
Configured with: ../configure --enable-bootstrap --enable-languages=c,c++,fortran,lto --prefix=/usr --mandir=/usr/share/man --infodir=/usr/share/info --with-bugurl=https://github.com/amazonlinux/amazon-linux-2022 --enable-shared --enable-threads=posix --enable-checking=release --enable-multilib --with-system-zlib --enable-__cxa_atexit --disable-libunwind-exceptions --enable-gnu-unique-object --enable-linker-build-id --with-gcc-major-version-only --with-linker-hash-style=gnu --enable-plugin --enable-initfini-array --with-isl=/builddir/build/BUILD/gcc-11.4.1-20230605/obj-x86_64-amazon-linux/isl-install --enable-offload-targets=nvptx-none --without-cuda-driver --enable-gnu-indirect-function --enable-cet --with-tune=generic --with-arch_64=x86-64-v2 --with-arch_32=x86-64 --build=x86_64-amazon-linux
Thread model: posix
Supported LTO compression algorithms: zlib zstd
gcc version 11.4.1 20230605 (Red Hat 11.4.1-2) (GCC) 
COMPILER_PATH=/usr/libexec/gcc/x86_64-amazon-linux/11/:/usr/libexec/gcc/x86_64-amazon-linux/11/:/usr/libexec/gcc/x86_64-amazon-linux/:/usr/lib/gcc/x86_64-amazon-linux/11/:/usr/lib/gcc/x86_64-amazon-linux/
LIBRARY_PATH=/usr/lib/gcc/x86_64-amazon-linux/11/:/usr/lib/gcc/x86_64-amazon-linux/11/../../../../lib64/:/lib/../lib64/:/usr/lib/../lib64/:/usr/lib/gcc/x86_64-amazon-linux/11/../../../:/lib/:/usr/lib/
COLLECT_GCC_OPTIONS='-v' '-o' 'cmTC_a37c2' '-shared-libgcc' '-mtune=generic' '-march=x86-64-v2' '-dumpdir' 'cmTC_a37c2.'
 /usr/libexec/gcc/x86_64-amazon-linux/11/collect2 -plugin /usr/libexec/gcc/x86_64-amazon-linux/11/liblto_plugin.so -plugin-opt=/usr/libexec/gcc/x86_64-amazon-linux/11/lto-wrapper -plugin-opt=-fresolution=/tmp/cc1vXyu1.res -plugin-opt=-pass-through=-lgcc_s -plugin-opt=-pass-through=-lgcc -plugin-opt=-pass-through=-lc -plugin-opt=-pass-through=-lgcc_s -plugin-opt=-pass-through=-lgcc --build-id --no-add-needed --eh-frame-hdr --hash-style=gnu -m elf_x86_64 -dynamic-linker /lib64/ld-linux-x86-64.so.2 -o cmTC_a37c2 /usr/lib/gcc/x86_64-amazon-linux/11/../../../../lib64/crt1.o /usr/lib/gcc/x86_64-amazon-linux/11/../../../../lib64/crti.o /usr/lib/gcc/x86_64-amazon-linux/11/crtbegin.o -L/usr/lib/gcc/x86_64-amazon-linux/11 -L/usr/lib/gcc/x86_64-amazon-linux/11/../../../../lib64 -L/lib/../lib64 -L/usr/lib/../lib64 -L/usr/lib/gcc/x86_64-amazon-linux/11/../../.. CMakeFiles/cmTC_a37c2.dir/CMakeCXXCompilerABI.cpp.o -lstdc++ -lm -lgcc_s -lgcc -lc -lgcc_s -lgcc /usr/lib/gcc/x86_64-amazon-linux/11/crtend.o /usr/lib/gcc/x86_64-amazon-linux/11/../../../../lib64/crtn.o
COLLECT_GCC_OPTIONS='-v' '-o' 'cmTC_a37c2' '-shared-libgcc' '-mtune=generic' '-march=x86-64-v2' '-dumpdir' 'cmTC_a37c2.'
gmake[1]: Leaving directory '/home/ec2-user/s3/S3C++/CMakeFiles/CMakeTmp'



Parsed CXX implicit include dir info from above output: rv=done
  found start of include info
  found start of implicit include info
    add: [/usr/lib/gcc/x86_64-amazon-linux/11/../../../../include/c++/11]
    add: [/usr/lib/gcc/x86_64-amazon-linux/11/../../../../include/c++/11/x86_64-amazon-linux]
    add: [/usr/lib/gcc/x86_64-amazon-linux/11/../../../../include/c++/11/backward]
    add: [/usr/lib/gcc/x86_64-amazon-linux/11/include]
    add: [/usr/local/include]
    add: [/usr/include]
  end of search list found
  collapse include dir [/usr/lib/gcc/x86_64-amazon-linux/11/../../../../include/c++/11] ==> [/usr/include/c++/11]
  collapse include dir [/usr/lib/gcc/x86_64-amazon-linux/11/../../../../include/c++/11/x86_64-amazon-linux] ==> [/usr/include/c++/11/x86_64-amazon-linux]
  collapse include dir [/usr/lib/gcc/x86_64-amazon-linux/11/../../../../include/c++/11/backward] ==> [/usr/include/c++/11/backward]
  collapse include dir [/usr/lib/gcc/x86_64-amazon-linux/11/include] ==> [/usr/lib/gcc/x86_64-amazon-linux/11/include]
  collapse include dir [/usr/local/include] ==> [/usr/local/include]
  collapse include dir [/usr/include] ==> [/usr/include]
  implicit include dirs: [/usr/include/c++/11;/usr/include/c++/11/x86_64-amazon-linux;/usr/include/c++/11/backward;/usr/lib/gcc/x86_64-amazon-linux/11/include;/usr/local/include;/usr/include]


Parsed CXX implicit link information from above output:
  link line regex: [^( *|.*[/\])(ld|CMAKE_LINK_STARTFILE-NOTFOUND|([^/\]+-)?ld|collect2)[^/\]*( |$)]
  ignore line: [Change Dir: /home/ec2-user/s3/S3C++/CMakeFiles/CMakeTmp]
  ignore line: []
  ignore line: [Run Build Command(s):/usr/bin/gmake -f Makefile cmTC_a37c2/fast && /usr/bin/gmake  -f CMakeFiles/cmTC_a37c2.dir/build.make CMakeFiles/cmTC_a37c2.dir/build]
  ignore line: [gmake[1]: Entering directory '/home/ec2-user/s3/S3C++/CMakeFiles/CMakeTmp']
  ignore line: [Building CXX object CMakeFiles/cmTC_a37c2.dir/CMakeCXXCompilerABI.cpp.o]
  ignore line: [/usr/bin/c++   -v -o CMakeFiles/cmTC_a37c2.dir/CMakeCXXCompilerABI.cpp.o -c /usr/share/cmake/Modules/CMakeCXXCompilerABI.cpp]
  ignore line: [Using built-in specs.]
  ignore line: [COLLECT_GCC=/usr/bin/c++]
  ignore line: [OFFLOAD_TARGET_NAMES=nvptx-none]
  ignore line: [OFFLOAD_TARGET_DEFAULT=1]
  ignore line: [Target: x86_64-amazon-linux]
  ignore line: [Configured with: ../configure --enable-bootstrap --enable-languages=c c++ fortran lto --prefix=/usr --mandir=/usr/share/man --infodir=/usr/share/info --with-bugurl=https://github.com/amazonlinux/amazon-linux-2022 --enable-shared --enable-threads=posix --enable-checking=release --enable-multilib --with-system-zlib --enable-__cxa_atexit --disable-libunwind-exceptions --enable-gnu-unique-object --enable-linker-build-id --with-gcc-major-version-only --with-linker-hash-style=gnu --enable-plugin --enable-initfini-array --with-isl=/builddir/build/BUILD/gcc-11.4.1-20230605/obj-x86_64-amazon-linux/isl-install --enable-offload-targets=nvptx-none --without-cuda-driver --enable-gnu-indirect-function --enable-cet --with-tune=generic --with-arch_64=x86-64-v2 --with-arch_32=x86-64 --build=x86_64-amazon-linux]
  ignore line: [Thread model: posix]
  ignore line: [Supported LTO compression algorithms: zlib zstd]
  ignore line: [gcc version 11.4.1 20230605 (Red Hat 11.4.1-2) (GCC) ]
  ignore line: [COLLECT_GCC_OPTIONS='-v' '-o' 'CMakeFiles/cmTC_a37c2.dir/CMakeCXXCompilerABI.cpp.o' '-c' '-shared-libgcc' '-mtune=generic' '-march=x86-64-v2' '-dumpdir' 'CMakeFiles/cmTC_a37c2.dir/']
  ignore line: [ /usr/libexec/gcc/x86_64-amazon-linux/11/cc1plus -quiet -v -D_GNU_SOURCE /usr/share/cmake/Modules/CMakeCXXCompilerABI.cpp -quiet -dumpdir CMakeFiles/cmTC_a37c2.dir/ -dumpbase CMakeCXXCompilerABI.cpp.cpp -dumpbase-ext .cpp -mtune=generic -march=x86-64-v2 -version -o /tmp/cc7DjdWJ.s]
  ignore line: [GNU C++17 (GCC) version 11.4.1 20230605 (Red Hat 11.4.1-2) (x86_64-amazon-linux)]
  ignore line: [	compiled by GNU C version 11.4.1 20230605 (Red Hat 11.4.1-2)  GMP version 6.2.1  MPFR version 4.1.0-p13  MPC version 1.2.1  isl version isl-0.18-GMP]
  ignore line: []
  ignore line: [GGC heuristics: --param ggc-min-expand=100 --param ggc-min-heapsize=131072]
  ignore line: [ignoring nonexistent directory "/usr/lib/gcc/x86_64-amazon-linux/11/include-fixed"]
  ignore line: [ignoring nonexistent directory "/usr/lib/gcc/x86_64-amazon-linux/11/../../../../x86_64-amazon-linux/include"]
  ignore line: [#include "..." search starts here:]
  ignore line: [#include <...> search starts here:]
  ignore line: [ /usr/lib/gcc/x86_64-amazon-linux/11/../../../../include/c++/11]
  ignore line: [ /usr/lib/gcc/x86_64-amazon-linux/11/../../../../include/c++/11/x86_64-amazon-linux]
  ignore line: [ /usr/lib/gcc/x86_64-amazon-linux/11/../../../../include/c++/11/backward]
  ignore line: [ /usr/lib/gcc/x86_64-amazon-linux/11/include]
  ignore line: [ /usr/local/include]
  ignore line: [ /usr/include]
  ignore line: [End of search list.]
  ignore line: [GNU C++17 (GCC) version 11.4.1 20230605 (Red Hat 11.4.1-2) (x86_64-amazon-linux)]
  ignore line: [	compiled by GNU C version 11.4.1 20230605 (Red Hat 11.4.1-2)  GMP version 6.2.1  MPFR version 4.1.0-p13  MPC version 1.2.1  isl version isl-0.18-GMP]
  ignore line: []
  ignore line: [GGC heuristics: --param ggc-min-expand=100 --param ggc-min-heapsize=131072]
  ignore line: [Compiler executable checksum: 1249ba69de2df746d1069868cd01a539]
  ignore line: [COLLECT_GCC_OPTIONS='-v' '-o' 'CMakeFiles/cmTC_a37c2.dir/CMakeCXXCompilerABI.cpp.o' '-c' '-shared-libgcc' '-mtune=generic' '-march=x86-64-v2' '-dumpdir' 'CMakeFiles/cmTC_a37c2.dir/']
  ignore line: [ as -v --64 -o CMakeFiles/cmTC_a37c2.dir/CMakeCXXCompilerABI.cpp.o /tmp/cc7DjdWJ.s]
  ignore line: [GNU assembler version 2.39 (x86_64-amazon-linux) using BFD version version 2.39-6.amzn2023.0.10]
  ignore line: [COMPILER_PATH=/usr/libexec/gcc/x86_64-amazon-linux/11/:/usr/libexec/gcc/x86_64-amazon-linux/11/:/usr/libexec/gcc/x86_64-amazon-linux/:/usr/lib/gcc/x86_64-amazon-linux/11/:/usr/lib/gcc/x86_64-amazon-linux/]
  ignore line: [LIBRARY_PATH=/usr/lib/gcc/x86_64-amazon-linux/11/:/usr/lib/gcc/x86_64-amazon-linux/11/../../../../lib64/:/lib/../lib64/:/usr/lib/../lib64/:/usr/lib/gcc/x86_64-amazon-linux/11/../../../:/lib/:/usr/lib/]
  ignore line: [COLLECT_GCC_OPTIONS='-v' '-o' 'CMakeFiles/cmTC_a37c2.dir/CMakeCXXCompilerABI.cpp.o' '-c' '-shared-libgcc' '-mtune=generic' '-march=x86-64-v2' '-dumpdir' 'CMakeFiles/cmTC_a37c2.dir/CMakeCXXCompilerABI.cpp.']
  ignore line: [Linking CXX executable cmTC_a37c2]
  ignore line: [/usr/bin/cmake -E cmake_link_script CMakeFiles/cmTC_a37c2.dir/link.txt --verbose=1]
  ignore line: [/usr/bin/c++  -v CMakeFiles/cmTC_a37c2.dir/CMakeCXXCompilerABI.cpp.o -o cmTC_a37c2 ]
  ignore line: [Using built-in specs.]
  ignore line: [COLLECT_GCC=/usr/bin/c++]
  ignore line: [COLLECT_LTO_WRAPPER=/usr/libexec/gcc/x86_64-amazon-linux/11/lto-wrapper]
  ignore line: [OFFLOAD_TARGET_NAMES=nvptx-none]
  ignore line: [OFFLOAD_TARGET_DEFAULT=1]
  ignore line: [Target: x86_64-amazon-linux]
  ignore line: [Configured with: ../configure --enable-bootstrap --enable-languages=c c++ fortran lto --prefix=/usr --mandir=/usr/share/man --infodir=/usr/share/info --with-bugurl=https://github.com/amazonlinux/amazon-linux-2022 --enable-shared --enable-threads=posix --enable-checking=release --enable-multilib --with-system-zlib --enable-__cxa_atexit --disable-libunwind-exceptions --enable-gnu-unique-object --enable-linker-build-id --with-gcc-major-version-only --with-linker-hash-style=gnu --enable-plugin --enable-initfini-array --with-isl=/builddir/build/BUILD/gcc-11.4.1-20230605/obj-x86_64-amazon-linux/isl-install --enable-offload-targets=nvptx-none --without-cuda-driver --enable-gnu-indirect-function --enable-cet --with-tune=generic --with-arch_64=x86-64-v2 --with-arch_32=x86-64 --build=x86_64-amazon-linux]
  ignore line: [Thread model: posix]
  ignore line: [Supported LTO compression algorithms: zlib zstd]
  ignore line: [gcc version 11.4.1 20230605 (Red Hat 11.4.1-2) (GCC) ]
  ignore line: [COMPILER_PATH=/usr/libexec/gcc/x86_64-amazon-linux/11/:/usr/libexec/gcc/x86_64-amazon-linux/11/:/usr/libexec/gcc/x86_64-amazon-linux/:/usr/lib/gcc/x86_64-amazon-linux/11/:/usr/lib/gcc/x86_64-amazon-linux/]
  ignore line: [LIBRARY_PATH=/usr/lib/gcc/x86_64-amazon-linux/11/:/usr/lib/gcc/x86_64-amazon-linux/11/../../../../lib64/:/lib/../lib64/:/usr/lib/../lib64/:/usr/lib/gcc/x86_64-amazon-linux/11/../../../:/lib/:/usr/lib/]
  ignore line: [COLLECT_GCC_OPTIONS='-v' '-o' 'cmTC_a37c2' '-shared-libgcc' '-mtune=generic' '-march=x86-64-v2' '-dumpdir' 'cmTC_a37c2.']
  link line: [ /usr/libexec/gcc/x86_64-amazon-linux/11/collect2 -plugin /usr/libexec/gcc/x86_64-amazon-linux/11/liblto_plugin.so -plugin-opt=/usr/libexec/gcc/x86_64-amazon-linux/11/lto-wrapper -plugin-opt=-fresolution=/tmp/cc1vXyu1.res -plugin-opt=-pass-through=-lgcc_s -plugin-opt=-pass-through=-lgcc -plugin-opt=-pass-through=-lc -plugin-opt=-pass-through=-lgcc_s -plugin-opt=-pass-through=-lgcc --build-id --no-add-needed --eh-frame-hdr --hash-style=gnu -m elf_x86_64 -dynamic-linker /lib64/ld-linux-x86-64.so.2 -o cmTC_a37c2 /usr/lib/gcc/x86_64-amazon-linux/11/../../../../lib64/crt1.o /usr/lib/gcc/x86_64-amazon-linux/11/../../../../lib64/crti.o /usr/lib/gcc/x86_64-amazon-linux/11/crtbegin.o -L/usr/lib/gcc/x86_64-amazon-linux/11 -L/usr/lib/gcc/x86_64-amazon-linux/11/../../../../lib64 -L/lib/../lib64 -L/usr/lib/../lib64 -L/usr/lib/gcc/x86_64-amazon-linux/11/../../.. CMakeFiles/cmTC_a37c2.dir/CMakeCXXCompilerABI.cpp.o -lstdc++ -lm -lgcc_s -lgcc -lc -lgcc_s -lgcc /usr/lib/gcc/x86_64-amazon-linux/11/crtend.o /usr/lib/gcc/x86_64-amazon-linux/11/../../../../lib64/crtn.o]
    arg [/usr/libexec/gcc/x86_64-amazon-linux/11/collect2] ==> ignore
    arg [-plugin] ==> ignore
    arg [/usr/libexec/gcc/x86_64-amazon-linux/11/liblto_plugin.so] ==> ignore
    arg [-plugin-opt=/usr/libexec/gcc/x86_64-amazon-linux/11/lto-wrapper] ==> ignore
    arg [-plugin-opt=-fresolution=/tmp/cc1vXyu1.res] ==> ignore
    arg [-plugin-opt=-pass-through=-lgcc_s] ==> ignore
    arg [-plugin-opt=-pass-through=-lgcc] ==> ignore
    arg [-plugin-opt=-pass-through=-lc] ==> ignore
    arg [-plugin-opt=-pass-through=-lgcc_s] ==> ignore
    arg [-plugin-opt=-pass-through=-lgcc] ==> ignore
    arg [--build-id] ==> ignore
    arg [--no-add-needed] ==> ignore
    arg [--eh-frame-hdr] ==> ignore
    arg [--hash-style=gnu] ==> ignore
    arg [-m] ==> ignore
    arg [elf_x86_64] ==> ignore
    arg [-dynamic-linker] ==> ignore
    arg [/lib64/ld-linux-x86-64.so.2] ==> ignore
    arg [-o] ==> ignore
    arg [cmTC_a37c2] ==> ignore
    arg [/usr/lib/gcc/x86_64-amazon-linux/11/../../../../lib64/crt1.o] ==> obj [/usr/lib/gcc/x86_64-amazon-linux/11/../../../../lib64/crt1.o]
    arg [/usr/lib/gcc/x86_64-amazon-linux/11/../../../../lib64/crti.o] ==> obj [/usr/lib/gcc/x86_64-amazon-linux/11/../../../../lib64/crti.o]
    arg [/usr/lib/gcc/x86_64-amazon-linux/11/crtbegin.o] ==> obj [/usr/lib/gcc/x86_64-amazon-linux/11/crtbegin.o]
    arg [-L/usr/lib/gcc/x86_64-amazon-linux/11] ==> dir [/usr/lib/gcc/x86_64-amazon-linux/11]
    arg [-L/usr/lib/gcc/x86_64-amazon-linux/11/../../../../lib64] ==> dir [/usr/lib/gcc/x86_64-amazon-linux/11/../../../../lib64]
    arg [-L/lib/../lib64] ==> dir [/lib/../lib64]
    arg [-L/usr/lib/../lib64] ==> dir [/usr/lib/../lib64]
    arg [-L/usr/lib/gcc/x86_64-amazon-linux/11/../../..] ==> dir [/usr/lib/gcc/x86_64-amazon-linux/11/../../..]
    arg [CMakeFiles/cmTC_a37c2.dir/CMakeCXXCompilerABI.cpp.o] ==> ignore
    arg [-lstdc++] ==> lib [stdc++]
    arg [-lm] ==> lib [m]
    arg [-lgcc_s] ==> lib [gcc_s]
    arg [-lgcc] ==> lib [gcc]
    arg [-lc] ==> lib [c]
    arg [-lgcc_s] ==> lib [gcc_s]
    arg [-lgcc] ==> lib [gcc]
    arg [/usr/lib/gcc/x86_64-amazon-linux/11/crtend.o] ==> obj [/usr/lib/gcc/x86_64-amazon-linux/11/crtend.o]
    arg [/usr/lib/gcc/x86_64-amazon-linux/11/../../../../lib64/crtn.o] ==> obj [/usr/lib/gcc/x86_64-amazon-linux/11/../../../../lib64/crtn.o]
  collapse obj [/usr/lib/gcc/x86_64-amazon-linux/11/../../../../lib64/crt1.o] ==> [/usr/lib64/crt1.o]
  collapse obj [/usr/lib/gcc/x86_64-amazon-linux/11/../../../../lib64/crti.o] ==> [/usr/lib64/crti.o]
  collapse obj [/usr/lib/gcc/x86_64-amazon-linux/11/../../../../lib64/crtn.o] ==> [/usr/lib64/crtn.o]
  collapse library dir [/usr/lib/gcc/x86_64-amazon-linux/11] ==> [/usr/lib/gcc/x86_64-amazon-linux/11]
  collapse library dir [/usr/lib/gcc/x86_64-amazon-linux/11/../../../../lib64] ==> [/usr/lib64]
  collapse library dir [/lib/../lib64] ==> [/lib64]
  collapse library dir [/usr/lib/../lib64] ==> [/usr/lib64]
  collapse library dir [/usr/lib/gcc/x86_64-amazon-linux/11/../../..] ==> [/usr/lib]
  implicit libs: [stdc++;m;gcc_s;gcc;c;gcc_s;gcc]
  implicit objs: [/usr/lib64/crt1.o;/usr/lib64/crti.o;/usr/lib/gcc/x86_64-amazon-linux/11/crtbegin.o;/usr/lib/gcc/x86_64-amazon-linux/11/crtend.o;/usr/lib64/crtn.o]
  implicit dirs: [/usr/lib/gcc/x86_64-amazon-linux/11;/usr/lib64;/lib64;/usr/lib]
  implicit fwks: []


Determining if the include file unistd.h exists passed with the following output:
Change Dir: /home/ec2-user/s3/S3C++/CMakeFiles/CMakeTmp

Run Build Command(s):/usr/bin/gmake -f Makefile cmTC_0cad8/fast && /usr/bin/gmake  -f CMakeFiles/cmTC_0cad8.dir/build.make CMakeFiles/cmTC_0cad8.dir/build
gmake[1]: Entering directory '/home/ec2-user/s3/S3C++/CMakeFiles/CMakeTmp'
Building C object CMakeFiles/cmTC_0cad8.dir/CheckIncludeFile.c.o
/usr/bin/cc   -std=c11 -o CMakeFiles/cmTC_0cad8.dir/CheckIncludeFile.c.o -c /home/ec2-user/s3/S3C++/CMakeFiles/CMakeTmp/CheckIncludeFile.c
Linking C executable cmTC_0cad8
/usr/bin/cmake -E cmake_link_script CMakeFiles/cmTC_0cad8.dir/link.txt --verbose=1
/usr/bin/cc CMakeFiles/cmTC_0cad8.dir/CheckIncludeFile.c.o -o cmTC_0cad8 
gmake[1]: Leaving directory '/home/ec2-user/s3/S3C++/CMakeFiles/CMakeTmp'



Determining if the fdatasync exist passed with the following output:
Change Dir: /home/ec2-user/s3/S3C++/CMakeFiles/CMakeTmp

Run Build Command(s):/usr/bin/gmake -f Makefile cmTC_40b7d/fast && /usr/bin/gmake  -f CMakeFiles/cmTC_40b7d.dir/build.make CMakeFiles/cmTC_40b7d.dir/build
gmake[1]: Entering directory '/home/ec2-user/s3/S3C++/CMakeFiles/CMakeTmp'
Building CXX object CMakeFiles/cmTC_40b7d.dir/CheckSymbolExists.cxx.o
/usr/bin/c++   -std=gnu++17 -o CMakeFiles/cmTC_40b7d.dir/CheckSymbolExists.cxx.o -c /home/ec2-user/s3/S3C++/CMakeFiles/CMakeTmp/CheckSymbolExists.cxx
Linking CXX executable cmTC_40b7d
/usr/bin/cmake -E cmake_link_script CMakeFiles/cmTC_40b7d.dir/link.txt --verbose=1
/usr/bin/c++ CMakeFiles/cmTC_40b7d.dir/CheckSymbolExists.cxx.o -o cmTC_40b7d 
gmake[1]: Leaving directory '/home/ec2-user/s3/S3C++/CMakeFiles/CMakeTmp'


File /home/ec2-user/s3/S3C++/CMakeFiles/CMakeTmp/CheckSymbolExists.cxx:
/* */
#include <unistd.h>

int main(int argc, char** argv)
{
  (void)argv;
#ifndef fdatasync
  return ((int*)(&fdatasync))[argc];
#else
  (void)argc;
  return 0;
#endif
}
Determining if the O_CLOEXEC exist passed with the following output:
Change Dir: /home/ec2-user/s3/S3C++/CMakeFiles/CMakeTmp

Run Build Command(s):/usr/bin/gmake -f Makefile cmTC_3f0ad/fast && /usr/bin/gmake  -f CMakeFiles/cmTC_3f0ad.dir/build.make CMakeFiles/cmTC_3f0ad.dir/build
gmake[1]: Entering directory '/home/ec2-user/s3/S3C++/CMakeFiles/CMakeTmp'
Building CXX object CMakeFiles/cmTC_3f0ad.dir/CheckSymbolExists.cxx.o
/usr/bin/c++   -std=gnu++17 -o CMakeFiles/cmTC_3f0ad.dir/CheckSymbolExists.cxx.o -c /home/ec2-user/s3/S3C++/CMakeFiles/CMakeTmp/CheckSymbolExists.cxx
Linking CXX executable cmTC_3f0ad
/usr/bin/cmake -E cmake_link_script CMakeFiles/cmTC_3f0ad.dir/link.txt --verbose=1
/usr/bin/c++ CMakeFiles/cmTC_3f0ad.dir/CheckSymbolExists.cxx.o -o cmTC_3f0ad 
gmake[1]: Leaving directory '/home/ec2-user/s3/S3C++/CMakeFiles/CMakeTmp'


File /home/ec2-user/s3/S3C++/CMakeFiles/CMakeTmp/CheckSymbolExists.cxx:
/* */
#include <fcntl.h>

int main(int argc, char** argv)
{
  (void)argv;
#ifndef O_CLOEXEC
  return ((int*)(&O_CLOEXEC))[argc];
#else
  (void)argc;
  return 0;
#endif
}
Performing C++ SOURCE FILE Test LEVELDB_HAVE_NO_MISSING_FIELD_INITIALIZERS succeeded with the following output:
Change Dir: /home/ec2-user/s3/S3C++/CMakeFiles/CMakeTmp

Run Build Command(s):/usr/bin/gmake -f Makefile cmTC_6d52b/fast && /usr/bin/gmake  -f CMakeFiles/cmTC_6d52b.dir/build.make CMakeFiles/cmTC_6d52b.dir/build
gmake[1]: Entering directory '/home/ec2-user/s3/S3C++/CMakeFiles/CMakeTmp'
Building CXX object CMakeFiles/cmTC_6d52b.dir/src.cxx.o
/usr/bin/c++ -DLEVELDB_HAVE_NO_MISSING_FIELD_INITIALIZERS  -fno-exceptions -fno-rtti    -Wno-missing-field-initializers -std=gnu++17 -o CMakeFiles/cmTC_6d52b.dir/src.cxx.o -c /home/ec2-user/s3/S3C++/CMakeFiles/CMakeTmp/src.cxx
Linking CXX executable cmTC_6d52b
/usr/bin/cmake -E cmake_link_script CMakeFiles/cmTC_6d52b.dir/link.txt --verbose=1
/usr/bin/c++  -fno-exceptions -fno-rtti  CMakeFiles/cmTC_6d52b.dir/src.cxx.o -o cmTC_6d52b 
gmake[1]: Leaving directory '/home/ec2-user/s3/S3C++/CMakeFiles/CMakeTmp'


Source file was:
int main() { return 0; }
Performing C++ SOURCE FILE Test HAVE_CXX17_HAS_INCLUDE succeeded with the following output:
Change Dir: /home/ec2-user/s3/S3C++/CMakeFiles/CMakeTmp

Run Build Command(s):/usr/bin/gmake -f Makefile cmTC_c8a7b/fast && /usr/bin/gmake  -f CMakeFiles/cmTC_c8a7b.dir/build.make CMakeFiles/cmTC_c8a7b.dir/build
gmake[1]: Entering directory '/home/ec2-user/s3/S3C++/CMakeFiles/CMakeTmp'
Building CXX object CMakeFiles/cmTC_c8a7b.dir/src.cxx.o
/usr/bin/c++ -DHAVE_CXX17_HAS_INCLUDE  -fno-exceptions -fno-rtti  -std=gnu++17 -o CMakeFiles/cmTC_c8a7b.dir/src.cxx.o -c /home/ec2-user/s3/S3C++/CMakeFiles/CMakeTmp/src.cxx
Linking CXX executable cmTC_c8a7b
/usr/bin/cmake -E cmake_link_script CMakeFiles/cmTC_c8a7b.dir/link.txt --verbose=1
/usr/bin/c++  -fno-exceptions -fno-rtti  CMakeFiles/cmTC_c8a7b.dir/src.cxx.o -o cmTC_c8a7b 
gmake[1]: Leaving directory '/home/ec2-user/s3/S3C++/CMakeFiles/CMakeTmp'


Source file was:

#if defined(__has_include) &&  __has_include(<string>)
#include <string>
#endif
int main() { std::string str; return 0; }

Determining if the include file pthread.h exists passed with the following output:
Change Dir: /home/ec2-user/s3/S3C++/CMakeFiles/CMakeTmp

Run Build Command(s):/usr/bin/gmake -f Makefile cmTC_b2e51/fast && /usr/bin/gmake  -f CMakeFiles/cmTC_b2e51.dir/build.make CMakeFiles/cmTC_b2e51.dir/build
gmake[1]: Entering directory '/home/ec2-user/s3/S3C++/CMakeFiles/CMakeTmp'
Building C object CMakeFiles/cmTC_b2e51.dir/CheckIncludeFile.c.o
/usr/bin/cc   -Wstrict-prototypes  -std=c11 -o CMakeFiles/cmTC_b2e51.dir/CheckIncludeFile.c.o -c /home/ec2-user/s3/S3C++/CMakeFiles/CMakeTmp/CheckIncludeFile.c
Linking C executable cmTC_b2e51
/usr/bin/cmake -E cmake_link_script CMakeFiles/cmTC_b2e51.dir/link.txt --verbose=1
/usr/bin/cc  -Wstrict-prototypes  CMakeFiles/cmTC_b2e51.dir/CheckIncludeFile.c.o -o cmTC_b2e51 
gmake[1]: Leaving directory '/home/ec2-user/s3/S3C++/CMakeFiles/CMakeTmp'



Performing C SOURCE FILE Test CMAKE_HAVE_LIBC_PTHREAD succeeded with the following output:
Change Dir: /home/ec2-user/s3/S3C++/CMakeFiles/CMakeTmp

Run Build Command(s):/usr/bin/gmake -f Makefile cmTC_e755f/fast && /usr/bin/gmake  -f CMakeFiles/cmTC_e755f.dir/build.make CMakeFiles/cmTC_e755f.dir/build
gmake[1]: Entering directory '/home/ec2-user/s3/S3C++/CMakeFiles/CMakeTmp'
Building C object CMakeFiles/cmTC_e755f.dir/src.c.o
/usr/bin/cc -DCMAKE_HAVE_LIBC_PTHREAD  -Wstrict-prototypes  -std=c11 -o CMakeFiles/cmTC_e755f.dir/src.c.o -c /home/ec2-user/s3/S3C++/CMakeFiles/CMakeTmp/src.c
Linking C executable cmTC_e755f
/usr/bin/cmake -E cmake_link_script CMakeFiles/cmTC_e755f.dir/link.txt --verbose=1
/usr/bin/cc  -Wstrict-prototypes  CMakeFiles/cmTC_e755f.dir/src.c.o -o cmTC_e755f 
gmake[1]: Leaving directory '/home/ec2-user/s3/S3C++/CMakeFiles/CMakeTmp'


Source file was:
#include <pthread.h>

static void* test_func(void* data)
{
  return data;
}

int main(void)
{
  pthread_t thread;
  pthread_create(&thread, NULL, test_func, NULL);
  pthread_detach(thread);
  pthread_cancel(thread);
  pthread_join(thread, NULL);
  pthread_atfork(NULL, NULL, NULL);
  pthread_exit(NULL);

  return 0;
}

Determining if the function shm_open exists in the rt passed with the following output:
Change Dir: /home/ec2-user/s3/S3C++/CMakeFiles/CMakeTmp

Run Build Command(s):/usr/bin/gmake -f Makefile cmTC_c285b/fast && /usr/bin/gmake  -f CMakeFiles/cmTC_c285b.dir/build.make CMakeFiles/cmTC_c285b.dir/build
gmake[1]: Entering directory '/home/ec2-user/s3/S3C++/CMakeFiles/CMakeTmp'
Building C object CMakeFiles/cmTC_c285b.dir/CheckFunctionExists.c.o
/usr/bin/cc   -Wstrict-prototypes -DCHECK_FUNCTION_EXISTS=shm_open -std=c11 -o CMakeFiles/cmTC_c285b.dir/CheckFunctionExists.c.o -c /usr/share/cmake/Modules/CheckFunctionExists.c
Linking C executable cmTC_c285b
/usr/bin/cmake -E cmake_link_script CMakeFiles/cmTC_c285b.dir/link.txt --verbose=1
/usr/bin/cc  -Wstrict-prototypes -DCHECK_FUNCTION_EXISTS=shm_open CMakeFiles/cmTC_c285b.dir/CheckFunctionExists.c.o -o cmTC_c285b  -lrt 
gmake[1]: Leaving directory '/home/ec2-user/s3/S3C++/CMakeFiles/CMakeTmp'



Performing C++ SOURCE FILE Test HAVE_CXX_FLAG_WALL succeeded with the following output:
Change Dir: /home/ec2-user/s3/S3C++/CMakeFiles/CMakeTmp

Run Build Command(s):/usr/bin/gmake -f Makefile cmTC_f1ab3/fast && /usr/bin/gmake  -f CMakeFiles/cmTC_f1ab3.dir/build.make CMakeFiles/cmTC_f1ab3.dir/build
gmake[1]: Entering directory '/home/ec2-user/s3/S3C++/CMakeFiles/CMakeTmp'
Building CXX object CMakeFiles/cmTC_f1ab3.dir/src.cxx.o
/usr/bin/c++ -DHAVE_CXX_FLAG_WALL  -fno-exceptions -fno-rtti  -Wall   -Wall -std=c++11 -o CMakeFiles/cmTC_f1ab3.dir/src.cxx.o -c /home/ec2-user/s3/S3C++/CMakeFiles/CMakeTmp/src.cxx
Linking CXX executable cmTC_f1ab3
/usr/bin/cmake -E cmake_link_script CMakeFiles/cmTC_f1ab3.dir/link.txt --verbose=1
/usr/bin/c++  -fno-exceptions -fno-rtti  -Wall CMakeFiles/cmTC_f1ab3.dir/src.cxx.o -o cmTC_f1ab3 
gmake[1]: Leaving directory '/home/ec2-user/s3/S3C++/CMakeFiles/CMakeTmp'


Source file was:
int main() { return 0; }
Performing C++ SOURCE FILE Test HAVE_CXX_FLAG_WEXTRA succeeded with the following output:
Change Dir: /home/ec2-user/s3/S3C++/CMakeFiles/CMakeTmp

Run Build Command(s):/usr/bin/gmake -f Makefile cmTC_572d0/fast && /usr/bin/gmake  -f CMakeFiles/cmTC_572d0.dir/build.make CMakeFiles/cmTC_572d0.dir/build
gmake[1]: Entering directory '/home/ec2-user/s3/S3C++/CMakeFiles/CMakeTmp'
Building CXX object CMakeFiles/cmTC_572d0.dir/src.cxx.o
/usr/bin/c++ -DHAVE_CXX_FLAG_WEXTRA  -fno-exceptions -fno-rtti  -Wall  -Wextra   -Wextra -std=c++11 -o CMakeFiles/cmTC_572d0.dir/src.cxx.o -c /home/ec2-user/s3/S3C++/CMakeFiles/CMakeTmp/src.cxx
Linking CXX executable cmTC_572d0
/usr/bin/cmake -E cmake_link_script CMakeFiles/cmTC_572d0.dir/link.txt --verbose=1
/usr/bin/c++  -fno-exceptions -fno-rtti  -Wall  -Wextra CMakeFiles/cmTC_572d0.dir/src.cxx.o -o cmTC_572d0 
gmake[1]: Leaving directory '/home/ec2-user/s3/S3C++/CMakeFiles/CMakeTmp'


Source file was:
int main() { return 0; }
Performing C++ SOURCE FILE Test HAVE_CXX_FLAG_WSHADOW succeeded with the following output:
Change Dir: /home/ec2-user/s3/S3C++/CMakeFiles/CMakeTmp

Run Build Command(s):/usr/bin/gmake -f Makefile cmTC_cb8a1/fast && /usr/bin/gmake  -f CMakeFiles/cmTC_cb8a1.dir/build.make CMakeFiles/cmTC_cb8a1.dir/build
gmake[1]: Entering directory '/home/ec2-user/s3/S3C++/CMakeFiles/CMakeTmp'
Building CXX object CMakeFiles/cmTC_cb8a1.dir/src.cxx.o
/usr/bin/c++ -DHAVE_CXX_FLAG_WSHADOW  -fno-exceptions -fno-rtti  -Wall  -Wextra  -Wshadow   -Wshadow -std=c++11 -o CMakeFiles/cmTC_cb8a1.dir/src.cxx.o -c /home/ec2-user/s3/S3C++/CMakeFiles/CMakeTmp/src.cxx
Linking CXX executable cmTC_cb8a1
/usr/bin/cmake -E cmake_link_script CMakeFiles/cmTC_cb8a1.dir/link.txt --verbose=1
/usr/bin/c++  -fno-exceptions -fno-rtti  -Wall  -Wextra  -Wshadow CMakeFiles/cmTC_cb8a1.dir/src.cxx.o -o cmTC_cb8a1 
gmake[1]: Leaving directory '/home/ec2-user/s3/S3C++/CMakeFiles/CMakeTmp'


Source file was:
int main() { return 0; }
Performing C++ SOURCE FILE Test HAVE_CXX_FLAG_WFLOAT_EQUAL succeeded with the following output:
Change Dir: /home/ec2-user/s3/S3C++/CMakeFiles/CMakeTmp

Run Build Command(s):/usr/bin/gmake -f Makefile cmTC_4ec46/fast && /usr/bin/gmake  -f CMakeFiles/cmTC_4ec46.dir/build.make CMakeFiles/cmTC_4ec46.dir/build
gmake[1]: Entering directory '/home/ec2-user/s3/S3C++/CMakeFiles/CMakeTmp'
Building CXX object CMakeFiles/cmTC_4ec46.dir/src.cxx.o
/usr/bin/c++ -DHAVE_CXX_FLAG_WFLOAT_EQUAL  -fno-exceptions -fno-rtti  -Wall  -Wextra  -Wshadow  -Wfloat-equal   -Wfloat-equal -std=c++11 -o CMakeFiles/cmTC_4ec46.dir/src.cxx.o -c /home/ec2-user/s3/S3C++/CMakeFiles/CMakeTmp/src.cxx
Linking CXX executable cmTC_4ec46
/usr/bin/cmake -E cmake_link_script CMakeFiles/cmTC_4ec46.dir/link.txt --verbose=1
/usr/bin/c++  -fno-exceptions -fno-rtti  -Wall  -Wextra  -Wshadow  -Wfloat-equal CMakeFiles/cmTC_4ec46.dir/src.cxx.o -o cmTC_4ec46 
gmake[1]: Leaving directory '/home/ec2-user/s3/S3C++/CMakeFiles/CMakeTmp'


Source file was:
int main() { return 0; }
Performing C++ SOURCE FILE Test HAVE_CXX_FLAG_WERROR succeeded with the following output:
Change Dir: /home/ec2-user/s3/S3C++/CMakeFiles/CMakeTmp

Run Build Command(s):/usr/bin/gmake -f Makefile cmTC_0c011/fast && /usr/bin/gmake  -f CMakeFiles/cmTC_0c011.dir/build.make CMakeFiles/cmTC_0c011.dir/build
gmake[1]: Entering directory '/home/ec2-user/s3/S3C++/CMakeFiles/CMakeTmp'
Building CXX object CMakeFiles/cmTC_0c011.dir/src.cxx.o
/usr/bin/c++ -DHAVE_CXX_FLAG_WERROR  -fno-exceptions -fno-rtti  -Wall  -Wextra  -Wshadow  -Wfloat-equal  -Werror   -Werror -std=c++11 -o CMakeFiles/cmTC_0c011.dir/src.cxx.o -c /home/ec2-user/s3/S3C++/CMakeFiles/CMakeTmp/src.cxx
Linking CXX executable cmTC_0c011
/usr/bin/cmake -E cmake_link_script CMakeFiles/cmTC_0c011.dir/link.txt --verbose=1
/usr/bin/c++  -fno-exceptions -fno-rtti  -Wall  -Wextra  -Wshadow  -Wfloat-equal  -Werror CMakeFiles/cmTC_0c011.dir/src.cxx.o -o cmTC_0c011 
gmake[1]: Leaving directory '/home/ec2-user/s3/S3C++/CMakeFiles/CMakeTmp'


Source file was:
int main() { return 0; }
Performing C++ SOURCE FILE Test HAVE_CXX_FLAG_WSUGGEST_OVERRIDE succeeded with the following output:
Change Dir: /home/ec2-user/s3/S3C++/CMakeFiles/CMakeTmp

Run Build Command(s):/usr/bin/gmake -f Makefile cmTC_238b5/fast && /usr/bin/gmake  -f CMakeFiles/cmTC_238b5.dir/build.make CMakeFiles/cmTC_238b5.dir/build
gmake[1]: Entering directory '/home/ec2-user/s3/S3C++/CMakeFiles/CMakeTmp'
Building CXX object CMakeFiles/cmTC_238b5.dir/src.cxx.o
/usr/bin/c++ -DHAVE_CXX_FLAG_WSUGGEST_OVERRIDE  -fno-exceptions -fno-rtti  -Wall  -Wextra  -Wshadow  -Wfloat-equal  -Werror  -Wsuggest-override   -Wsuggest-override -std=c++11 -o CMakeFiles/cmTC_238b5.dir/src.cxx.o -c /home/ec2-user/s3/S3C++/CMakeFiles/CMakeTmp/src.cxx
Linking CXX executable cmTC_238b5
/usr/bin/cmake -E cmake_link_script CMakeFiles/cmTC_238b5.dir/link.txt --verbose=1
/usr/bin/c++  -fno-exceptions -fno-rtti  -Wall  -Wextra  -Wshadow  -Wfloat-equal  -Werror  -Wsuggest-override CMakeFiles/cmTC_238b5.dir/src.cxx.o -o cmTC_238b5 
gmake[1]: Leaving directory '/home/ec2-user/s3/S3C++/CMakeFiles/CMakeTmp'


Source file was:
int main() { return 0; }
Performing C++ SOURCE FILE Test HAVE_CXX_FLAG_PEDANTIC succeeded with the following output:
Change Dir: /home/ec2-user/s3/S3C++/CMakeFiles/CMakeTmp

Run Build Command(s):/usr/bin/gmake -f Makefile cmTC_e2f67/fast && /usr/bin/gmake  -f CMakeFiles/cmTC_e2f67.dir/build.make CMakeFiles/cmTC_e2f67.dir/build
gmake[1]: Entering directory '/home/ec2-user/s3/S3C++/CMakeFiles/CMakeTmp'
Building CXX object CMakeFiles/cmTC_e2f67.dir/src.cxx.o
/usr/bin/c++ -DHAVE_CXX_FLAG_PEDANTIC  -fno-exceptions -fno-rtti  -Wall  -Wextra  -Wshadow  -Wfloat-equal  -Werror  -Wsuggest-override  -pedantic   -pedantic -std=c++11 -o CMakeFiles/cmTC_e2f67.dir/src.cxx.o -c /home/ec2-user/s3/S3C++/CMakeFiles/CMakeTmp/src.cxx
Linking CXX executable cmTC_e2f67
/usr/bin/cmake -E cmake_link_script CMakeFiles/cmTC_e2f67.dir/link.txt --verbose=1
/usr/bin/c++  -fno-exceptions -fno-rtti  -Wall  -Wextra  -Wshadow  -Wfloat-equal  -Werror  -Wsuggest-override  -pedantic CMakeFiles/cmTC_e2f67.dir/src.cxx.o -o cmTC_e2f67 
gmake[1]: Leaving directory '/home/ec2-user/s3/S3C++/CMakeFiles/CMakeTmp'


Source file was:
int main() { return 0; }
Performing C++ SOURCE FILE Test HAVE_CXX_FLAG_PEDANTIC_ERRORS succeeded with the following output:
Change Dir: /home/ec2-user/s3/S3C++/CMakeFiles/CMakeTmp

Run Build Command(s):/usr/bin/gmake -f Makefile cmTC_e2f7a/fast && /usr/bin/gmake  -f CMakeFiles/cmTC_e2f7a.dir/build.make CMakeFiles/cmTC_e2f7a.dir/build
gmake[1]: Entering directory '/home/ec2-user/s3/S3C++/CMakeFiles/CMakeTmp'
Building CXX object CMakeFiles/cmTC_e2f7a.dir/src.cxx.o
/usr/bin/c++ -DHAVE_CXX_FLAG_PEDANTIC_ERRORS  -fno-exceptions -fno-rtti  -Wall  -Wextra  -Wshadow  -Wfloat-equal  -Werror  -Wsuggest-override  -pedantic  -pedantic-errors   -pedantic-errors -std=c++11 -o CMakeFiles/cmTC_e2f7a.dir/src.cxx.o -c /home/ec2-user/s3/S3C++/CMakeFiles/CMakeTmp/src.cxx
Linking CXX executable cmTC_e2f7a
/usr/bin/cmake -E cmake_link_script CMakeFiles/cmTC_e2f7a.dir/link.txt --verbose=1
/usr/bin/c++  -fno-exceptions -fno-rtti  -Wall  -Wextra  -Wshadow  -Wfloat-equal  -Werror  -Wsuggest-override  -pedantic  -pedantic-errors CMakeFiles/cmTC_e2f7a.dir/src.cxx.o -o cmTC_e2f7a 
gmake[1]: Leaving directory '/home/ec2-user/s3/S3C++/CMakeFiles/CMakeTmp'


Source file was:
int main() { return 0; }
Performing C++ SOURCE FILE Test HAVE_CXX_FLAG_FSTRICT_ALIASING succeeded with the following output:
Change Dir: /home/ec2-user/s3/S3C++/CMakeFiles/CMakeTmp

Run Build Command(s):/usr/bin/gmake -f Makefile cmTC_4ab58/fast && /usr/bin/gmake  -f CMakeFiles/cmTC_4ab58.dir/build.make CMakeFiles/cmTC_4ab58.dir/build
gmake[1]: Entering directory '/home/ec2-user/s3/S3C++/CMakeFiles/CMakeTmp'
Building CXX object CMakeFiles/cmTC_4ab58.dir/src.cxx.o
/usr/bin/c++ -DHAVE_CXX_FLAG_FSTRICT_ALIASING  -fno-exceptions -fno-rtti  -Wall  -Wextra  -Wshadow  -Wfloat-equal  -Werror  -Wsuggest-override  -pedantic  -pedantic-errors  -fstrict-aliasing   -fstrict-aliasing -std=c++11 -o CMakeFiles/cmTC_4ab58.dir/src.cxx.o -c /home/ec2-user/s3/S3C++/CMakeFiles/CMakeTmp/src.cxx
Linking CXX executable cmTC_4ab58
/usr/bin/cmake -E cmake_link_script CMakeFiles/cmTC_4ab58.dir/link.txt --verbose=1
/usr/bin/c++  -fno-exceptions -fno-rtti  -Wall  -Wextra  -Wshadow  -Wfloat-equal  -Werror  -Wsuggest-override  -pedantic  -pedantic-errors  -fstrict-aliasing CMakeFiles/cmTC_4ab58.dir/src.cxx.o -o cmTC_4ab58 
gmake[1]: Leaving directory '/home/ec2-user/s3/S3C++/CMakeFiles/CMakeTmp'


Source file was:
int main() { return 0; }
Performing C++ SOURCE FILE Test HAVE_CXX_FLAG_WNO_DEPRECATED_DECLARATIONS succeeded with the following output:
Change Dir: /home/ec2-user/s3/S3C++/CMakeFiles/CMakeTmp

Run Build Command(s):/usr/bin/gmake -f Makefile cmTC_cef07/fast && /usr/bin/gmake  -f CMakeFiles/cmTC_cef07.dir/build.make CMakeFiles/cmTC_cef07.dir/build
gmake[1]: Entering directory '/home/ec2-user/s3/S3C++/CMakeFiles/CMakeTmp'
Building CXX object CMakeFiles/cmTC_cef07.dir/src.cxx.o
/usr/bin/c++ -DHAVE_CXX_FLAG_WNO_DEPRECATED_DECLARATIONS  -fno-exceptions -fno-rtti  -Wall  -Wextra  -Wshadow  -Wfloat-equal  -Werror  -Wsuggest-override  -pedantic  -pedantic-errors  -fstrict-aliasing  -Wno-deprecated-declarations   -Wno-deprecated-declarations -std=c++11 -o CMakeFiles/cmTC_cef07.dir/src.cxx.o -c /home/ec2-user/s3/S3C++/CMakeFiles/CMakeTmp/src.cxx
Linking CXX executable cmTC_cef07
/usr/bin/cmake -E cmake_link_script CMakeFiles/cmTC_cef07.dir/link.txt --verbose=1
/usr/bin/c++  -fno-exceptions -fno-rtti  -Wall  -Wextra  -Wshadow  -Wfloat-equal  -Werror  -Wsuggest-override  -pedantic  -pedantic-errors  -fstrict-aliasing  -Wno-deprecated-declarations CMakeFiles/cmTC_cef07.dir/src.cxx.o -o cmTC_cef07 
gmake[1]: Leaving directory '/home/ec2-user/s3/S3C++/CMakeFiles/CMakeTmp'


Source file was:
int main() { return 0; }
Performing C++ SOURCE FILE Test HAVE_CXX_FLAG_WNO_DEPRECATED succeeded with the following output:
Change Dir: /home/ec2-user/s3/S3C++/CMakeFiles/CMakeTmp

Run Build Command(s):/usr/bin/gmake -f Makefile cmTC_823d6/fast && /usr/bin/gmake  -f CMakeFiles/cmTC_823d6.dir/build.make CMakeFiles/cmTC_823d6.dir/build
gmake[1]: Entering directory '/home/ec2-user/s3/S3C++/CMakeFiles/CMakeTmp'
Building CXX object CMakeFiles/cmTC_823d6.dir/src.cxx.o
/usr/bin/c++ -DHAVE_CXX_FLAG_WNO_DEPRECATED  -fno-exceptions -fno-rtti  -Wall  -Wextra  -Wshadow  -Wfloat-equal  -Werror  -Wsuggest-override  -pedantic  -pedantic-errors  -fstrict-aliasing  -Wno-deprecated-declarations  -Wno-deprecated   -Wno-deprecated -std=c++11 -o CMakeFiles/cmTC_823d6.dir/src.cxx.o -c /home/ec2-user/s3/S3C++/CMakeFiles/CMakeTmp/src.cxx
Linking CXX executable cmTC_823d6
/usr/bin/cmake -E cmake_link_script CMakeFiles/cmTC_823d6.dir/link.txt --verbose=1
/usr/bin/c++  -fno-exceptions -fno-rtti  -Wall  -Wextra  -Wshadow  -Wfloat-equal  -Werror  -Wsuggest-override  -pedantic  -pedantic-errors  -fstrict-aliasing  -Wno-deprecated-declarations  -Wno-deprecated CMakeFiles/cmTC_823d6.dir/src.cxx.o -o cmTC_823d6 
gmake[1]: Leaving directory '/home/ec2-user/s3/S3C++/CMakeFiles/CMakeTmp'


Source file was:
int main() { return 0; }
Performing C++ SOURCE FILE Test HAVE_CXX_FLAG_FNO_EXCEPTIONS succeeded with the following output:
Change Dir: /home/ec2-user/s3/S3C++/CMakeFiles/CMakeTmp

Run Build Command(s):/usr/bin/gmake -f Makefile cmTC_4298a/fast && /usr/bin/gmake  -f CMakeFiles/cmTC_4298a.dir/build.make CMakeFiles/cmTC_4298a.dir/build
gmake[1]: Entering directory '/home/ec2-user/s3/S3C++/CMakeFiles/CMakeTmp'
Building CXX object CMakeFiles/cmTC_4298a.dir/src.cxx.o
/usr/bin/c++ -DHAVE_CXX_FLAG_FNO_EXCEPTIONS  -fno-exceptions -fno-rtti  -Wall  -Wextra  -Wshadow  -Wfloat-equal  -Werror  -Wsuggest-override  -pedantic  -pedantic-errors  -fstrict-aliasing  -Wno-deprecated-declarations  -Wno-deprecated  -fno-exceptions   -fno-exceptions -std=c++11 -o CMakeFiles/cmTC_4298a.dir/src.cxx.o -c /home/ec2-user/s3/S3C++/CMakeFiles/CMakeTmp/src.cxx
Linking CXX executable cmTC_4298a
/usr/bin/cmake -E cmake_link_script CMakeFiles/cmTC_4298a.dir/link.txt --verbose=1
/usr/bin/c++  -fno-exceptions -fno-rtti  -Wall  -Wextra  -Wshadow  -Wfloat-equal  -Werror  -Wsuggest-override  -pedantic  -pedantic-errors  -fstrict-aliasing  -Wno-deprecated-declarations  -Wno-deprecated  -fno-exceptions CMakeFiles/cmTC_4298a.dir/src.cxx.o -o cmTC_4298a 
gmake[1]: Leaving directory '/home/ec2-user/s3/S3C++/CMakeFiles/CMakeTmp'


Source file was:
int main() { return 0; }
Performing C++ SOURCE FILE Test HAVE_CXX_FLAG_WSTRICT_ALIASING succeeded with the following output:
Change Dir: /home/ec2-user/s3/S3C++/CMakeFiles/CMakeTmp

Run Build Command(s):/usr/bin/gmake -f Makefile cmTC_a00de/fast && /usr/bin/gmake  -f CMakeFiles/cmTC_a00de.dir/build.make CMakeFiles/cmTC_a00de.dir/build
gmake[1]: Entering directory '/home/ec2-user/s3/S3C++/CMakeFiles/CMakeTmp'
Building CXX object CMakeFiles/cmTC_a00de.dir/src.cxx.o
/usr/bin/c++ -DHAVE_CXX_FLAG_WSTRICT_ALIASING  -fno-exceptions -fno-rtti  -Wall  -Wextra  -Wshadow  -Wfloat-equal  -Werror  -Wsuggest-override  -pedantic  -pedantic-errors  -fstrict-aliasing  -Wno-deprecated-declarations  -Wno-deprecated  -fno-exceptions  -Wstrict-aliasing   -Wstrict-aliasing -std=c++11 -o CMakeFiles/cmTC_a00de.dir/src.cxx.o -c /home/ec2-user/s3/S3C++/CMakeFiles/CMakeTmp/src.cxx
Linking CXX executable cmTC_a00de
/usr/bin/cmake -E cmake_link_script CMakeFiles/cmTC_a00de.dir/link.txt --verbose=1
/usr/bin/c++  -fno-exceptions -fno-rtti  -Wall  -Wextra  -Wshadow  -Wfloat-equal  -Werror  -Wsuggest-override  -pedantic  -pedantic-errors  -fstrict-aliasing  -Wno-deprecated-declarations  -Wno-deprecated  -fno-exceptions  -Wstrict-aliasing CMakeFiles/cmTC_a00de.dir/src.cxx.o -o cmTC_a00de 
gmake[1]: Leaving directory '/home/ec2-user/s3/S3C++/CMakeFiles/CMakeTmp'


Source file was:
int main() { return 0; }
Performing C++ SOURCE FILE Test HAVE_CXX_FLAG_COVERAGE succeeded with the following output:
Change Dir: /home/ec2-user/s3/S3C++/CMakeFiles/CMakeTmp

Run Build Command(s):/usr/bin/gmake -f Makefile cmTC_dc847/fast && /usr/bin/gmake  -f CMakeFiles/cmTC_dc847.dir/build.make CMakeFiles/cmTC_dc847.dir/build
gmake[1]: Entering directory '/home/ec2-user/s3/S3C++/CMakeFiles/CMakeTmp'
Building CXX object CMakeFiles/cmTC_dc847.dir/src.cxx.o
/usr/bin/c++ -DHAVE_CXX_FLAG_COVERAGE  -fno-exceptions -fno-rtti  -Wall  -Wextra  -Wshadow  -Wfloat-equal  -Werror  -Wsuggest-override  -pedantic  -pedantic-errors  -fstrict-aliasing  -Wno-deprecated-declarations  -Wno-deprecated  -fno-exceptions  -Wstrict-aliasing  --coverage   --coverage -std=c++11 -o CMakeFiles/cmTC_dc847.dir/src.cxx.o -c /home/ec2-user/s3/S3C++/CMakeFiles/CMakeTmp/src.cxx
Linking CXX executable cmTC_dc847
/usr/bin/cmake -E cmake_link_script CMakeFiles/cmTC_dc847.dir/link.txt --verbose=1
/usr/bin/c++  -fno-exceptions -fno-rtti  -Wall  -Wextra  -Wshadow  -Wfloat-equal  -Werror  -Wsuggest-override  -pedantic  -pedantic-errors  -fstrict-aliasing  -Wno-deprecated-declarations  -Wno-deprecated  -fno-exceptions  -Wstrict-aliasing  --coverage CMakeFiles/cmTC_dc847.dir/src.cxx.o -o cmTC_dc847 
gmake[1]: Leaving directory '/home/ec2-user/s3/S3C++/CMakeFiles/CMakeTmp'


Source file was:
int main() { return 0; }
