The system is: Linux - 6.1.72-96.166.amzn2023.x86_64 - x86_64
Compiling the CXX compiler identification source file "CMakeCXXCompilerId.cpp" succeeded.
Compiler: /usr/bin/c++ 
Build flags: 
Id flags:  

The output was:
0


Compilation of the CXX compiler identification source "CMakeCXXCompilerId.cpp" produced "a.out"

The CXX compiler identification is GNU, found in "/home/ec2-user/s3/S3C++/sdk_build/CMakeFiles/3.22.2/CompilerIdCXX/a.out"

Detecting CXX compiler ABI info compiled with the following output:
Change Dir: /home/ec2-user/s3/S3C++/sdk_build/CMakeFiles/CMakeTmp

Run Build Command(s):/usr/bin/gmake -f Makefile cmTC_c97fd/fast && /usr/bin/gmake  -f CMakeFiles/cmTC_c97fd.dir/build.make CMakeFiles/cmTC_c97fd.dir/build
gmake[1]: Entering directory '/home/ec2-user/s3/S3C++/sdk_build/CMakeFiles/CMakeTmp'
Building CXX object CMakeFiles/cmTC_c97fd.dir/CMakeCXXCompilerABI.cpp.o
/usr/bin/c++   -v -o CMakeFiles/cmTC_c97fd.dir/CMakeCXXCompilerABI.cpp.o -c /usr/share/cmake/Modules/CMakeCXXCompilerABI.cpp
Using built-in specs.
COLLECT_GCC=/usr/bin/c++
OFFLOAD_TARGET_NAMES=nvptx-none
OFFLOAD_TARGET_DEFAULT=1
Target: x86_64-amazon-linux
Configured with: ../configure --enable-bootstrap --enable-languages=c,c++,fortran,lto --prefix=/usr --mandir=/usr/share/man --infodir=/usr/share/info --with-bugurl=https://github.com/amazonlinux/amazon-linux-2022 --enable-shared --enable-threads=posix --enable-checking=release --enable-multilib --with-system-zlib --enable-__cxa_atexit --disable-libunwind-exceptions --enable-gnu-unique-object --enable-linker-build-id --with-gcc-major-version-only --with-linker-hash-style=gnu --enable-plugin --enable-initfini-array --with-isl=/builddir/build/BUILD/gcc-11.4.1-20230605/obj-x86_64-amazon-linux/isl-install --enable-offload-targets=nvptx-none --without-cuda-driver --enable-gnu-indirect-function --enable-cet --with-tune=generic --with-arch_64=x86-64-v2 --with-arch_32=x86-64 --build=x86_64-amazon-linux
Thread model: posix
Supported LTO compression algorithms: zlib zstd
gcc version 11.4.1 20230605 (Red Hat 11.4.1-2) (GCC) 
COLLECT_GCC_OPTIONS='-v' '-o' 'CMakeFiles/cmTC_c97fd.dir/CMakeCXXCompilerABI.cpp.o' '-c' '-shared-libgcc' '-mtune=generic' '-march=x86-64-v2' '-dumpdir' 'CMakeFiles/cmTC_c97fd.dir/'
 /usr/libexec/gcc/x86_64-amazon-linux/11/cc1plus -quiet -v -D_GNU_SOURCE /usr/share/cmake/Modules/CMakeCXXCompilerABI.cpp -quiet -dumpdir CMakeFiles/cmTC_c97fd.dir/ -dumpbase CMakeCXXCompilerABI.cpp.cpp -dumpbase-ext .cpp -mtune=generic -march=x86-64-v2 -version -o /tmp/cc5DtqSO.s
GNU C++17 (GCC) version 11.4.1 20230605 (Red Hat 11.4.1-2) (x86_64-amazon-linux)
	compiled by GNU C version 11.4.1 20230605 (Red Hat 11.4.1-2), GMP version 6.2.1, MPFR version 4.1.0-p13, MPC version 1.2.1, isl version isl-0.18-GMP

GGC heuristics: --param ggc-min-expand=100 --param ggc-min-heapsize=131072
ignoring nonexistent directory "/usr/lib/gcc/x86_64-amazon-linux/11/include-fixed"
ignoring nonexistent directory "/usr/lib/gcc/x86_64-amazon-linux/11/../../../../x86_64-amazon-linux/include"
#include "..." search starts here:
#include <...> search starts here:
 /usr/lib/gcc/x86_64-amazon-linux/11/../../../../include/c++/11
 /usr/lib/gcc/x86_64-amazon-linux/11/../../../../include/c++/11/x86_64-amazon-linux
 /usr/lib/gcc/x86_64-amazon-linux/11/../../../../include/c++/11/backward
 /usr/lib/gcc/x86_64-amazon-linux/11/include
 /usr/local/include
 /usr/include
End of search list.
GNU C++17 (GCC) version 11.4.1 20230605 (Red Hat 11.4.1-2) (x86_64-amazon-linux)
	compiled by GNU C version 11.4.1 20230605 (Red Hat 11.4.1-2), GMP version 6.2.1, MPFR version 4.1.0-p13, MPC version 1.2.1, isl version isl-0.18-GMP

GGC heuristics: --param ggc-min-expand=100 --param ggc-min-heapsize=131072
Compiler executable checksum: 1249ba69de2df746d1069868cd01a539
COLLECT_GCC_OPTIONS='-v' '-o' 'CMakeFiles/cmTC_c97fd.dir/CMakeCXXCompilerABI.cpp.o' '-c' '-shared-libgcc' '-mtune=generic' '-march=x86-64-v2' '-dumpdir' 'CMakeFiles/cmTC_c97fd.dir/'
 as -v --64 -o CMakeFiles/cmTC_c97fd.dir/CMakeCXXCompilerABI.cpp.o /tmp/cc5DtqSO.s
GNU assembler version 2.39 (x86_64-amazon-linux) using BFD version version 2.39-6.amzn2023.0.10
COMPILER_PATH=/usr/libexec/gcc/x86_64-amazon-linux/11/:/usr/libexec/gcc/x86_64-amazon-linux/11/:/usr/libexec/gcc/x86_64-amazon-linux/:/usr/lib/gcc/x86_64-amazon-linux/11/:/usr/lib/gcc/x86_64-amazon-linux/
LIBRARY_PATH=/usr/lib/gcc/x86_64-amazon-linux/11/:/usr/lib/gcc/x86_64-amazon-linux/11/../../../../lib64/:/lib/../lib64/:/usr/lib/../lib64/:/usr/lib/gcc/x86_64-amazon-linux/11/../../../:/lib/:/usr/lib/
COLLECT_GCC_OPTIONS='-v' '-o' 'CMakeFiles/cmTC_c97fd.dir/CMakeCXXCompilerABI.cpp.o' '-c' '-shared-libgcc' '-mtune=generic' '-march=x86-64-v2' '-dumpdir' 'CMakeFiles/cmTC_c97fd.dir/CMakeCXXCompilerABI.cpp.'
Linking CXX executable cmTC_c97fd
/usr/bin/cmake -E cmake_link_script CMakeFiles/cmTC_c97fd.dir/link.txt --verbose=1
/usr/bin/c++  -v CMakeFiles/cmTC_c97fd.dir/CMakeCXXCompilerABI.cpp.o -o cmTC_c97fd 
Using built-in specs.
COLLECT_GCC=/usr/bin/c++
COLLECT_LTO_WRAPPER=/usr/libexec/gcc/x86_64-amazon-linux/11/lto-wrapper
OFFLOAD_TARGET_NAMES=nvptx-none
OFFLOAD_TARGET_DEFAULT=1
Target: x86_64-amazon-linux
Configured with: ../configure --enable-bootstrap --enable-languages=c,c++,fortran,lto --prefix=/usr --mandir=/usr/share/man --infodir=/usr/share/info --with-bugurl=https://github.com/amazonlinux/amazon-linux-2022 --enable-shared --enable-threads=posix --enable-checking=release --enable-multilib --with-system-zlib --enable-__cxa_atexit --disable-libunwind-exceptions --enable-gnu-unique-object --enable-linker-build-id --with-gcc-major-version-only --with-linker-hash-style=gnu --enable-plugin --enable-initfini-array --with-isl=/builddir/build/BUILD/gcc-11.4.1-20230605/obj-x86_64-amazon-linux/isl-install --enable-offload-targets=nvptx-none --without-cuda-driver --enable-gnu-indirect-function --enable-cet --with-tune=generic --with-arch_64=x86-64-v2 --with-arch_32=x86-64 --build=x86_64-amazon-linux
Thread model: posix
Supported LTO compression algorithms: zlib zstd
gcc version 11.4.1 20230605 (Red Hat 11.4.1-2) (GCC) 
COMPILER_PATH=/usr/libexec/gcc/x86_64-amazon-linux/11/:/usr/libexec/gcc/x86_64-amazon-linux/11/:/usr/libexec/gcc/x86_64-amazon-linux/:/usr/lib/gcc/x86_64-amazon-linux/11/:/usr/lib/gcc/x86_64-amazon-linux/
LIBRARY_PATH=/usr/lib/gcc/x86_64-amazon-linux/11/:/usr/lib/gcc/x86_64-amazon-linux/11/../../../../lib64/:/lib/../lib64/:/usr/lib/../lib64/:/usr/lib/gcc/x86_64-amazon-linux/11/../../../:/lib/:/usr/lib/
COLLECT_GCC_OPTIONS='-v' '-o' 'cmTC_c97fd' '-shared-libgcc' '-mtune=generic' '-march=x86-64-v2' '-dumpdir' 'cmTC_c97fd.'
 /usr/libexec/gcc/x86_64-amazon-linux/11/collect2 -plugin /usr/libexec/gcc/x86_64-amazon-linux/11/liblto_plugin.so -plugin-opt=/usr/libexec/gcc/x86_64-amazon-linux/11/lto-wrapper -plugin-opt=-fresolution=/tmp/cchJfjLt.res -plugin-opt=-pass-through=-lgcc_s -plugin-opt=-pass-through=-lgcc -plugin-opt=-pass-through=-lc -plugin-opt=-pass-through=-lgcc_s -plugin-opt=-pass-through=-lgcc --build-id --no-add-needed --eh-frame-hdr --hash-style=gnu -m elf_x86_64 -dynamic-linker /lib64/ld-linux-x86-64.so.2 -o cmTC_c97fd /usr/lib/gcc/x86_64-amazon-linux/11/../../../../lib64/crt1.o /usr/lib/gcc/x86_64-amazon-linux/11/../../../../lib64/crti.o /usr/lib/gcc/x86_64-amazon-linux/11/crtbegin.o -L/usr/lib/gcc/x86_64-amazon-linux/11 -L/usr/lib/gcc/x86_64-amazon-linux/11/../../../../lib64 -L/lib/../lib64 -L/usr/lib/../lib64 -L/usr/lib/gcc/x86_64-amazon-linux/11/../../.. CMakeFiles/cmTC_c97fd.dir/CMakeCXXCompilerABI.cpp.o -lstdc++ -lm -lgcc_s -lgcc -lc -lgcc_s -lgcc /usr/lib/gcc/x86_64-amazon-linux/11/crtend.o /usr/lib/gcc/x86_64-amazon-linux/11/../../../../lib64/crtn.o
COLLECT_GCC_OPTIONS='-v' '-o' 'cmTC_c97fd' '-shared-libgcc' '-mtune=generic' '-march=x86-64-v2' '-dumpdir' 'cmTC_c97fd.'
gmake[1]: Leaving directory '/home/ec2-user/s3/S3C++/sdk_build/CMakeFiles/CMakeTmp'



Parsed CXX implicit include dir info from above output: rv=done
  found start of include info
  found start of implicit include info
    add: [/usr/lib/gcc/x86_64-amazon-linux/11/../../../../include/c++/11]
    add: [/usr/lib/gcc/x86_64-amazon-linux/11/../../../../include/c++/11/x86_64-amazon-linux]
    add: [/usr/lib/gcc/x86_64-amazon-linux/11/../../../../include/c++/11/backward]
    add: [/usr/lib/gcc/x86_64-amazon-linux/11/include]
    add: [/usr/local/include]
    add: [/usr/include]
  end of search list found
  collapse include dir [/usr/lib/gcc/x86_64-amazon-linux/11/../../../../include/c++/11] ==> [/usr/include/c++/11]
  collapse include dir [/usr/lib/gcc/x86_64-amazon-linux/11/../../../../include/c++/11/x86_64-amazon-linux] ==> [/usr/include/c++/11/x86_64-amazon-linux]
  collapse include dir [/usr/lib/gcc/x86_64-amazon-linux/11/../../../../include/c++/11/backward] ==> [/usr/include/c++/11/backward]
  collapse include dir [/usr/lib/gcc/x86_64-amazon-linux/11/include] ==> [/usr/lib/gcc/x86_64-amazon-linux/11/include]
  collapse include dir [/usr/local/include] ==> [/usr/local/include]
  collapse include dir [/usr/include] ==> [/usr/include]
  implicit include dirs: [/usr/include/c++/11;/usr/include/c++/11/x86_64-amazon-linux;/usr/include/c++/11/backward;/usr/lib/gcc/x86_64-amazon-linux/11/include;/usr/local/include;/usr/include]


Parsed CXX implicit link information from above output:
  link line regex: [^( *|.*[/\])(ld|CMAKE_LINK_STARTFILE-NOTFOUND|([^/\]+-)?ld|collect2)[^/\]*( |$)]
  ignore line: [Change Dir: /home/ec2-user/s3/S3C++/sdk_build/CMakeFiles/CMakeTmp]
  ignore line: []
  ignore line: [Run Build Command(s):/usr/bin/gmake -f Makefile cmTC_c97fd/fast && /usr/bin/gmake  -f CMakeFiles/cmTC_c97fd.dir/build.make CMakeFiles/cmTC_c97fd.dir/build]
  ignore line: [gmake[1]: Entering directory '/home/ec2-user/s3/S3C++/sdk_build/CMakeFiles/CMakeTmp']
  ignore line: [Building CXX object CMakeFiles/cmTC_c97fd.dir/CMakeCXXCompilerABI.cpp.o]
  ignore line: [/usr/bin/c++   -v -o CMakeFiles/cmTC_c97fd.dir/CMakeCXXCompilerABI.cpp.o -c /usr/share/cmake/Modules/CMakeCXXCompilerABI.cpp]
  ignore line: [Using built-in specs.]
  ignore line: [COLLECT_GCC=/usr/bin/c++]
  ignore line: [OFFLOAD_TARGET_NAMES=nvptx-none]
  ignore line: [OFFLOAD_TARGET_DEFAULT=1]
  ignore line: [Target: x86_64-amazon-linux]
  ignore line: [Configured with: ../configure --enable-bootstrap --enable-languages=c c++ fortran lto --prefix=/usr --mandir=/usr/share/man --infodir=/usr/share/info --with-bugurl=https://github.com/amazonlinux/amazon-linux-2022 --enable-shared --enable-threads=posix --enable-checking=release --enable-multilib --with-system-zlib --enable-__cxa_atexit --disable-libunwind-exceptions --enable-gnu-unique-object --enable-linker-build-id --with-gcc-major-version-only --with-linker-hash-style=gnu --enable-plugin --enable-initfini-array --with-isl=/builddir/build/BUILD/gcc-11.4.1-20230605/obj-x86_64-amazon-linux/isl-install --enable-offload-targets=nvptx-none --without-cuda-driver --enable-gnu-indirect-function --enable-cet --with-tune=generic --with-arch_64=x86-64-v2 --with-arch_32=x86-64 --build=x86_64-amazon-linux]
  ignore line: [Thread model: posix]
  ignore line: [Supported LTO compression algorithms: zlib zstd]
  ignore line: [gcc version 11.4.1 20230605 (Red Hat 11.4.1-2) (GCC) ]
  ignore line: [COLLECT_GCC_OPTIONS='-v' '-o' 'CMakeFiles/cmTC_c97fd.dir/CMakeCXXCompilerABI.cpp.o' '-c' '-shared-libgcc' '-mtune=generic' '-march=x86-64-v2' '-dumpdir' 'CMakeFiles/cmTC_c97fd.dir/']
  ignore line: [ /usr/libexec/gcc/x86_64-amazon-linux/11/cc1plus -quiet -v -D_GNU_SOURCE /usr/share/cmake/Modules/CMakeCXXCompilerABI.cpp -quiet -dumpdir CMakeFiles/cmTC_c97fd.dir/ -dumpbase CMakeCXXCompilerABI.cpp.cpp -dumpbase-ext .cpp -mtune=generic -march=x86-64-v2 -version -o /tmp/cc5DtqSO.s]
  ignore line: [GNU C++17 (GCC) version 11.4.1 20230605 (Red Hat 11.4.1-2) (x86_64-amazon-linux)]
  ignore line: [	compiled by GNU C version 11.4.1 20230605 (Red Hat 11.4.1-2)  GMP version 6.2.1  MPFR version 4.1.0-p13  MPC version 1.2.1  isl version isl-0.18-GMP]
  ignore line: []
  ignore line: [GGC heuristics: --param ggc-min-expand=100 --param ggc-min-heapsize=131072]
  ignore line: [ignoring nonexistent directory "/usr/lib/gcc/x86_64-amazon-linux/11/include-fixed"]
  ignore line: [ignoring nonexistent directory "/usr/lib/gcc/x86_64-amazon-linux/11/../../../../x86_64-amazon-linux/include"]
  ignore line: [#include "..." search starts here:]
  ignore line: [#include <...> search starts here:]
  ignore line: [ /usr/lib/gcc/x86_64-amazon-linux/11/../../../../include/c++/11]
  ignore line: [ /usr/lib/gcc/x86_64-amazon-linux/11/../../../../include/c++/11/x86_64-amazon-linux]
  ignore line: [ /usr/lib/gcc/x86_64-amazon-linux/11/../../../../include/c++/11/backward]
  ignore line: [ /usr/lib/gcc/x86_64-amazon-linux/11/include]
  ignore line: [ /usr/local/include]
  ignore line: [ /usr/include]
  ignore line: [End of search list.]
  ignore line: [GNU C++17 (GCC) version 11.4.1 20230605 (Red Hat 11.4.1-2) (x86_64-amazon-linux)]
  ignore line: [	compiled by GNU C version 11.4.1 20230605 (Red Hat 11.4.1-2)  GMP version 6.2.1  MPFR version 4.1.0-p13  MPC version 1.2.1  isl version isl-0.18-GMP]
  ignore line: []
  ignore line: [GGC heuristics: --param ggc-min-expand=100 --param ggc-min-heapsize=131072]
  ignore line: [Compiler executable checksum: 1249ba69de2df746d1069868cd01a539]
  ignore line: [COLLECT_GCC_OPTIONS='-v' '-o' 'CMakeFiles/cmTC_c97fd.dir/CMakeCXXCompilerABI.cpp.o' '-c' '-shared-libgcc' '-mtune=generic' '-march=x86-64-v2' '-dumpdir' 'CMakeFiles/cmTC_c97fd.dir/']
  ignore line: [ as -v --64 -o CMakeFiles/cmTC_c97fd.dir/CMakeCXXCompilerABI.cpp.o /tmp/cc5DtqSO.s]
  ignore line: [GNU assembler version 2.39 (x86_64-amazon-linux) using BFD version version 2.39-6.amzn2023.0.10]
  ignore line: [COMPILER_PATH=/usr/libexec/gcc/x86_64-amazon-linux/11/:/usr/libexec/gcc/x86_64-amazon-linux/11/:/usr/libexec/gcc/x86_64-amazon-linux/:/usr/lib/gcc/x86_64-amazon-linux/11/:/usr/lib/gcc/x86_64-amazon-linux/]
  ignore line: [LIBRARY_PATH=/usr/lib/gcc/x86_64-amazon-linux/11/:/usr/lib/gcc/x86_64-amazon-linux/11/../../../../lib64/:/lib/../lib64/:/usr/lib/../lib64/:/usr/lib/gcc/x86_64-amazon-linux/11/../../../:/lib/:/usr/lib/]
  ignore line: [COLLECT_GCC_OPTIONS='-v' '-o' 'CMakeFiles/cmTC_c97fd.dir/CMakeCXXCompilerABI.cpp.o' '-c' '-shared-libgcc' '-mtune=generic' '-march=x86-64-v2' '-dumpdir' 'CMakeFiles/cmTC_c97fd.dir/CMakeCXXCompilerABI.cpp.']
  ignore line: [Linking CXX executable cmTC_c97fd]
  ignore line: [/usr/bin/cmake -E cmake_link_script CMakeFiles/cmTC_c97fd.dir/link.txt --verbose=1]
  ignore line: [/usr/bin/c++  -v CMakeFiles/cmTC_c97fd.dir/CMakeCXXCompilerABI.cpp.o -o cmTC_c97fd ]
  ignore line: [Using built-in specs.]
  ignore line: [COLLECT_GCC=/usr/bin/c++]
  ignore line: [COLLECT_LTO_WRAPPER=/usr/libexec/gcc/x86_64-amazon-linux/11/lto-wrapper]
  ignore line: [OFFLOAD_TARGET_NAMES=nvptx-none]
  ignore line: [OFFLOAD_TARGET_DEFAULT=1]
  ignore line: [Target: x86_64-amazon-linux]
  ignore line: [Configured with: ../configure --enable-bootstrap --enable-languages=c c++ fortran lto --prefix=/usr --mandir=/usr/share/man --infodir=/usr/share/info --with-bugurl=https://github.com/amazonlinux/amazon-linux-2022 --enable-shared --enable-threads=posix --enable-checking=release --enable-multilib --with-system-zlib --enable-__cxa_atexit --disable-libunwind-exceptions --enable-gnu-unique-object --enable-linker-build-id --with-gcc-major-version-only --with-linker-hash-style=gnu --enable-plugin --enable-initfini-array --with-isl=/builddir/build/BUILD/gcc-11.4.1-20230605/obj-x86_64-amazon-linux/isl-install --enable-offload-targets=nvptx-none --without-cuda-driver --enable-gnu-indirect-function --enable-cet --with-tune=generic --with-arch_64=x86-64-v2 --with-arch_32=x86-64 --build=x86_64-amazon-linux]
  ignore line: [Thread model: posix]
  ignore line: [Supported LTO compression algorithms: zlib zstd]
  ignore line: [gcc version 11.4.1 20230605 (Red Hat 11.4.1-2) (GCC) ]
  ignore line: [COMPILER_PATH=/usr/libexec/gcc/x86_64-amazon-linux/11/:/usr/libexec/gcc/x86_64-amazon-linux/11/:/usr/libexec/gcc/x86_64-amazon-linux/:/usr/lib/gcc/x86_64-amazon-linux/11/:/usr/lib/gcc/x86_64-amazon-linux/]
  ignore line: [LIBRARY_PATH=/usr/lib/gcc/x86_64-amazon-linux/11/:/usr/lib/gcc/x86_64-amazon-linux/11/../../../../lib64/:/lib/../lib64/:/usr/lib/../lib64/:/usr/lib/gcc/x86_64-amazon-linux/11/../../../:/lib/:/usr/lib/]
  ignore line: [COLLECT_GCC_OPTIONS='-v' '-o' 'cmTC_c97fd' '-shared-libgcc' '-mtune=generic' '-march=x86-64-v2' '-dumpdir' 'cmTC_c97fd.']
  link line: [ /usr/libexec/gcc/x86_64-amazon-linux/11/collect2 -plugin /usr/libexec/gcc/x86_64-amazon-linux/11/liblto_plugin.so -plugin-opt=/usr/libexec/gcc/x86_64-amazon-linux/11/lto-wrapper -plugin-opt=-fresolution=/tmp/cchJfjLt.res -plugin-opt=-pass-through=-lgcc_s -plugin-opt=-pass-through=-lgcc -plugin-opt=-pass-through=-lc -plugin-opt=-pass-through=-lgcc_s -plugin-opt=-pass-through=-lgcc --build-id --no-add-needed --eh-frame-hdr --hash-style=gnu -m elf_x86_64 -dynamic-linker /lib64/ld-linux-x86-64.so.2 -o cmTC_c97fd /usr/lib/gcc/x86_64-amazon-linux/11/../../../../lib64/crt1.o /usr/lib/gcc/x86_64-amazon-linux/11/../../../../lib64/crti.o /usr/lib/gcc/x86_64-amazon-linux/11/crtbegin.o -L/usr/lib/gcc/x86_64-amazon-linux/11 -L/usr/lib/gcc/x86_64-amazon-linux/11/../../../../lib64 -L/lib/../lib64 -L/usr/lib/../lib64 -L/usr/lib/gcc/x86_64-amazon-linux/11/../../.. CMakeFiles/cmTC_c97fd.dir/CMakeCXXCompilerABI.cpp.o -lstdc++ -lm -lgcc_s -lgcc -lc -lgcc_s -lgcc /usr/lib/gcc/x86_64-amazon-linux/11/crtend.o /usr/lib/gcc/x86_64-amazon-linux/11/../../../../lib64/crtn.o]
    arg [/usr/libexec/gcc/x86_64-amazon-linux/11/collect2] ==> ignore
    arg [-plugin] ==> ignore
    arg [/usr/libexec/gcc/x86_64-amazon-linux/11/liblto_plugin.so] ==> ignore
    arg [-plugin-opt=/usr/libexec/gcc/x86_64-amazon-linux/11/lto-wrapper] ==> ignore
    arg [-plugin-opt=-fresolution=/tmp/cchJfjLt.res] ==> ignore
    arg [-plugin-opt=-pass-through=-lgcc_s] ==> ignore
    arg [-plugin-opt=-pass-through=-lgcc] ==> ignore
    arg [-plugin-opt=-pass-through=-lc] ==> ignore
    arg [-plugin-opt=-pass-through=-lgcc_s] ==> ignore
    arg [-plugin-opt=-pass-through=-lgcc] ==> ignore
    arg [--build-id] ==> ignore
    arg [--no-add-needed] ==> ignore
    arg [--eh-frame-hdr] ==> ignore
    arg [--hash-style=gnu] ==> ignore
    arg [-m] ==> ignore
    arg [elf_x86_64] ==> ignore
    arg [-dynamic-linker] ==> ignore
    arg [/lib64/ld-linux-x86-64.so.2] ==> ignore
    arg [-o] ==> ignore
    arg [cmTC_c97fd] ==> ignore
    arg [/usr/lib/gcc/x86_64-amazon-linux/11/../../../../lib64/crt1.o] ==> obj [/usr/lib/gcc/x86_64-amazon-linux/11/../../../../lib64/crt1.o]
    arg [/usr/lib/gcc/x86_64-amazon-linux/11/../../../../lib64/crti.o] ==> obj [/usr/lib/gcc/x86_64-amazon-linux/11/../../../../lib64/crti.o]
    arg [/usr/lib/gcc/x86_64-amazon-linux/11/crtbegin.o] ==> obj [/usr/lib/gcc/x86_64-amazon-linux/11/crtbegin.o]
    arg [-L/usr/lib/gcc/x86_64-amazon-linux/11] ==> dir [/usr/lib/gcc/x86_64-amazon-linux/11]
    arg [-L/usr/lib/gcc/x86_64-amazon-linux/11/../../../../lib64] ==> dir [/usr/lib/gcc/x86_64-amazon-linux/11/../../../../lib64]
    arg [-L/lib/../lib64] ==> dir [/lib/../lib64]
    arg [-L/usr/lib/../lib64] ==> dir [/usr/lib/../lib64]
    arg [-L/usr/lib/gcc/x86_64-amazon-linux/11/../../..] ==> dir [/usr/lib/gcc/x86_64-amazon-linux/11/../../..]
    arg [CMakeFiles/cmTC_c97fd.dir/CMakeCXXCompilerABI.cpp.o] ==> ignore
    arg [-lstdc++] ==> lib [stdc++]
    arg [-lm] ==> lib [m]
    arg [-lgcc_s] ==> lib [gcc_s]
    arg [-lgcc] ==> lib [gcc]
    arg [-lc] ==> lib [c]
    arg [-lgcc_s] ==> lib [gcc_s]
    arg [-lgcc] ==> lib [gcc]
    arg [/usr/lib/gcc/x86_64-amazon-linux/11/crtend.o] ==> obj [/usr/lib/gcc/x86_64-amazon-linux/11/crtend.o]
    arg [/usr/lib/gcc/x86_64-amazon-linux/11/../../../../lib64/crtn.o] ==> obj [/usr/lib/gcc/x86_64-amazon-linux/11/../../../../lib64/crtn.o]
  collapse obj [/usr/lib/gcc/x86_64-amazon-linux/11/../../../../lib64/crt1.o] ==> [/usr/lib64/crt1.o]
  collapse obj [/usr/lib/gcc/x86_64-amazon-linux/11/../../../../lib64/crti.o] ==> [/usr/lib64/crti.o]
  collapse obj [/usr/lib/gcc/x86_64-amazon-linux/11/../../../../lib64/crtn.o] ==> [/usr/lib64/crtn.o]
  collapse library dir [/usr/lib/gcc/x86_64-amazon-linux/11] ==> [/usr/lib/gcc/x86_64-amazon-linux/11]
  collapse library dir [/usr/lib/gcc/x86_64-amazon-linux/11/../../../../lib64] ==> [/usr/lib64]
  collapse library dir [/lib/../lib64] ==> [/lib64]
  collapse library dir [/usr/lib/../lib64] ==> [/usr/lib64]
  collapse library dir [/usr/lib/gcc/x86_64-amazon-linux/11/../../..] ==> [/usr/lib]
  implicit libs: [stdc++;m;gcc_s;gcc;c;gcc_s;gcc]
  implicit objs: [/usr/lib64/crt1.o;/usr/lib64/crti.o;/usr/lib/gcc/x86_64-amazon-linux/11/crtbegin.o;/usr/lib/gcc/x86_64-amazon-linux/11/crtend.o;/usr/lib64/crtn.o]
  implicit dirs: [/usr/lib/gcc/x86_64-amazon-linux/11;/usr/lib64;/lib64;/usr/lib]
  implicit fwks: []


Performing C++ SOURCE FILE Test HAVE_ATOMICS_WITHOUT_LIBATOMIC succeeded with the following output:
Change Dir: /home/ec2-user/s3/S3C++/sdk_build/CMakeFiles/CMakeTmp

Run Build Command(s):/usr/bin/gmake -f Makefile cmTC_6ed0b/fast && /usr/bin/gmake  -f CMakeFiles/cmTC_6ed0b.dir/build.make CMakeFiles/cmTC_6ed0b.dir/build
gmake[1]: Entering directory '/home/ec2-user/s3/S3C++/sdk_build/CMakeFiles/CMakeTmp'
Building CXX object CMakeFiles/cmTC_6ed0b.dir/src.cxx.o
/usr/bin/c++ -DHAVE_ATOMICS_WITHOUT_LIBATOMIC  -std=c++11 -o CMakeFiles/cmTC_6ed0b.dir/src.cxx.o -c /home/ec2-user/s3/S3C++/sdk_build/CMakeFiles/CMakeTmp/src.cxx
Linking CXX executable cmTC_6ed0b
/usr/bin/cmake -E cmake_link_script CMakeFiles/cmTC_6ed0b.dir/link.txt --verbose=1
/usr/bin/c++  -std=c++11 CMakeFiles/cmTC_6ed0b.dir/src.cxx.o -o cmTC_6ed0b 
gmake[1]: Leaving directory '/home/ec2-user/s3/S3C++/sdk_build/CMakeFiles/CMakeTmp'


Source file was:

#include <cstdint>
#include <atomic>
std::atomic<uintptr_t> x;
std::atomic<uintmax_t> y;
int main() {
    return x + y;
}
Compiling the C compiler identification source file "CMakeCCompilerId.c" succeeded.
Compiler: /usr/bin/cc 
Build flags: 
Id flags:  

The output was:
0


Compilation of the C compiler identification source "CMakeCCompilerId.c" produced "a.out"

The C compiler identification is GNU, found in "/home/ec2-user/s3/S3C++/sdk_build/CMakeFiles/3.22.2/CompilerIdC/a.out"

Detecting C compiler ABI info compiled with the following output:
Change Dir: /home/ec2-user/s3/S3C++/sdk_build/CMakeFiles/CMakeTmp

Run Build Command(s):/usr/bin/gmake -f Makefile cmTC_fa118/fast && /usr/bin/gmake  -f CMakeFiles/cmTC_fa118.dir/build.make CMakeFiles/cmTC_fa118.dir/build
gmake[1]: Entering directory '/home/ec2-user/s3/S3C++/sdk_build/CMakeFiles/CMakeTmp'
Building C object CMakeFiles/cmTC_fa118.dir/CMakeCCompilerABI.c.o
/usr/bin/cc   -v -o CMakeFiles/cmTC_fa118.dir/CMakeCCompilerABI.c.o -c /usr/share/cmake/Modules/CMakeCCompilerABI.c
Using built-in specs.
COLLECT_GCC=/usr/bin/cc
OFFLOAD_TARGET_NAMES=nvptx-none
OFFLOAD_TARGET_DEFAULT=1
Target: x86_64-amazon-linux
Configured with: ../configure --enable-bootstrap --enable-languages=c,c++,fortran,lto --prefix=/usr --mandir=/usr/share/man --infodir=/usr/share/info --with-bugurl=https://github.com/amazonlinux/amazon-linux-2022 --enable-shared --enable-threads=posix --enable-checking=release --enable-multilib --with-system-zlib --enable-__cxa_atexit --disable-libunwind-exceptions --enable-gnu-unique-object --enable-linker-build-id --with-gcc-major-version-only --with-linker-hash-style=gnu --enable-plugin --enable-initfini-array --with-isl=/builddir/build/BUILD/gcc-11.4.1-20230605/obj-x86_64-amazon-linux/isl-install --enable-offload-targets=nvptx-none --without-cuda-driver --enable-gnu-indirect-function --enable-cet --with-tune=generic --with-arch_64=x86-64-v2 --with-arch_32=x86-64 --build=x86_64-amazon-linux
Thread model: posix
Supported LTO compression algorithms: zlib zstd
gcc version 11.4.1 20230605 (Red Hat 11.4.1-2) (GCC) 
COLLECT_GCC_OPTIONS='-v' '-o' 'CMakeFiles/cmTC_fa118.dir/CMakeCCompilerABI.c.o' '-c' '-mtune=generic' '-march=x86-64-v2' '-dumpdir' 'CMakeFiles/cmTC_fa118.dir/'
 /usr/libexec/gcc/x86_64-amazon-linux/11/cc1 -quiet -v /usr/share/cmake/Modules/CMakeCCompilerABI.c -quiet -dumpdir CMakeFiles/cmTC_fa118.dir/ -dumpbase CMakeCCompilerABI.c.c -dumpbase-ext .c -mtune=generic -march=x86-64-v2 -version -o /tmp/ccSxhgkG.s
GNU C17 (GCC) version 11.4.1 20230605 (Red Hat 11.4.1-2) (x86_64-amazon-linux)
	compiled by GNU C version 11.4.1 20230605 (Red Hat 11.4.1-2), GMP version 6.2.1, MPFR version 4.1.0-p13, MPC version 1.2.1, isl version isl-0.18-GMP

GGC heuristics: --param ggc-min-expand=100 --param ggc-min-heapsize=131072
ignoring nonexistent directory "/usr/lib/gcc/x86_64-amazon-linux/11/include-fixed"
ignoring nonexistent directory "/usr/lib/gcc/x86_64-amazon-linux/11/../../../../x86_64-amazon-linux/include"
#include "..." search starts here:
#include <...> search starts here:
 /usr/lib/gcc/x86_64-amazon-linux/11/include
 /usr/local/include
 /usr/include
End of search list.
GNU C17 (GCC) version 11.4.1 20230605 (Red Hat 11.4.1-2) (x86_64-amazon-linux)
	compiled by GNU C version 11.4.1 20230605 (Red Hat 11.4.1-2), GMP version 6.2.1, MPFR version 4.1.0-p13, MPC version 1.2.1, isl version isl-0.18-GMP

GGC heuristics: --param ggc-min-expand=100 --param ggc-min-heapsize=131072
Compiler executable checksum: 38fb4a4e7f51057a7187ca448e18904b
COLLECT_GCC_OPTIONS='-v' '-o' 'CMakeFiles/cmTC_fa118.dir/CMakeCCompilerABI.c.o' '-c' '-mtune=generic' '-march=x86-64-v2' '-dumpdir' 'CMakeFiles/cmTC_fa118.dir/'
 as -v --64 -o CMakeFiles/cmTC_fa118.dir/CMakeCCompilerABI.c.o /tmp/ccSxhgkG.s
GNU assembler version 2.39 (x86_64-amazon-linux) using BFD version version 2.39-6.amzn2023.0.10
COMPILER_PATH=/usr/libexec/gcc/x86_64-amazon-linux/11/:/usr/libexec/gcc/x86_64-amazon-linux/11/:/usr/libexec/gcc/x86_64-amazon-linux/:/usr/lib/gcc/x86_64-amazon-linux/11/:/usr/lib/gcc/x86_64-amazon-linux/
LIBRARY_PATH=/usr/lib/gcc/x86_64-amazon-linux/11/:/usr/lib/gcc/x86_64-amazon-linux/11/../../../../lib64/:/lib/../lib64/:/usr/lib/../lib64/:/usr/lib/gcc/x86_64-amazon-linux/11/../../../:/lib/:/usr/lib/
COLLECT_GCC_OPTIONS='-v' '-o' 'CMakeFiles/cmTC_fa118.dir/CMakeCCompilerABI.c.o' '-c' '-mtune=generic' '-march=x86-64-v2' '-dumpdir' 'CMakeFiles/cmTC_fa118.dir/CMakeCCompilerABI.c.'
Linking C executable cmTC_fa118
/usr/bin/cmake -E cmake_link_script CMakeFiles/cmTC_fa118.dir/link.txt --verbose=1
/usr/bin/cc  -v -rdynamic CMakeFiles/cmTC_fa118.dir/CMakeCCompilerABI.c.o -o cmTC_fa118 
Using built-in specs.
COLLECT_GCC=/usr/bin/cc
COLLECT_LTO_WRAPPER=/usr/libexec/gcc/x86_64-amazon-linux/11/lto-wrapper
OFFLOAD_TARGET_NAMES=nvptx-none
OFFLOAD_TARGET_DEFAULT=1
Target: x86_64-amazon-linux
Configured with: ../configure --enable-bootstrap --enable-languages=c,c++,fortran,lto --prefix=/usr --mandir=/usr/share/man --infodir=/usr/share/info --with-bugurl=https://github.com/amazonlinux/amazon-linux-2022 --enable-shared --enable-threads=posix --enable-checking=release --enable-multilib --with-system-zlib --enable-__cxa_atexit --disable-libunwind-exceptions --enable-gnu-unique-object --enable-linker-build-id --with-gcc-major-version-only --with-linker-hash-style=gnu --enable-plugin --enable-initfini-array --with-isl=/builddir/build/BUILD/gcc-11.4.1-20230605/obj-x86_64-amazon-linux/isl-install --enable-offload-targets=nvptx-none --without-cuda-driver --enable-gnu-indirect-function --enable-cet --with-tune=generic --with-arch_64=x86-64-v2 --with-arch_32=x86-64 --build=x86_64-amazon-linux
Thread model: posix
Supported LTO compression algorithms: zlib zstd
gcc version 11.4.1 20230605 (Red Hat 11.4.1-2) (GCC) 
COMPILER_PATH=/usr/libexec/gcc/x86_64-amazon-linux/11/:/usr/libexec/gcc/x86_64-amazon-linux/11/:/usr/libexec/gcc/x86_64-amazon-linux/:/usr/lib/gcc/x86_64-amazon-linux/11/:/usr/lib/gcc/x86_64-amazon-linux/
LIBRARY_PATH=/usr/lib/gcc/x86_64-amazon-linux/11/:/usr/lib/gcc/x86_64-amazon-linux/11/../../../../lib64/:/lib/../lib64/:/usr/lib/../lib64/:/usr/lib/gcc/x86_64-amazon-linux/11/../../../:/lib/:/usr/lib/
COLLECT_GCC_OPTIONS='-v' '-rdynamic' '-o' 'cmTC_fa118' '-mtune=generic' '-march=x86-64-v2' '-dumpdir' 'cmTC_fa118.'
 /usr/libexec/gcc/x86_64-amazon-linux/11/collect2 -plugin /usr/libexec/gcc/x86_64-amazon-linux/11/liblto_plugin.so -plugin-opt=/usr/libexec/gcc/x86_64-amazon-linux/11/lto-wrapper -plugin-opt=-fresolution=/tmp/ccFnATNo.res -plugin-opt=-pass-through=-lgcc -plugin-opt=-pass-through=-lgcc_s -plugin-opt=-pass-through=-lc -plugin-opt=-pass-through=-lgcc -plugin-opt=-pass-through=-lgcc_s --build-id --no-add-needed --eh-frame-hdr --hash-style=gnu -m elf_x86_64 -export-dynamic -dynamic-linker /lib64/ld-linux-x86-64.so.2 -o cmTC_fa118 /usr/lib/gcc/x86_64-amazon-linux/11/../../../../lib64/crt1.o /usr/lib/gcc/x86_64-amazon-linux/11/../../../../lib64/crti.o /usr/lib/gcc/x86_64-amazon-linux/11/crtbegin.o -L/usr/lib/gcc/x86_64-amazon-linux/11 -L/usr/lib/gcc/x86_64-amazon-linux/11/../../../../lib64 -L/lib/../lib64 -L/usr/lib/../lib64 -L/usr/lib/gcc/x86_64-amazon-linux/11/../../.. CMakeFiles/cmTC_fa118.dir/CMakeCCompilerABI.c.o -lgcc --push-state --as-needed -lgcc_s --pop-state -lc -lgcc --push-state --as-needed -lgcc_s --pop-state /usr/lib/gcc/x86_64-amazon-linux/11/crtend.o /usr/lib/gcc/x86_64-amazon-linux/11/../../../../lib64/crtn.o
COLLECT_GCC_OPTIONS='-v' '-rdynamic' '-o' 'cmTC_fa118' '-mtune=generic' '-march=x86-64-v2' '-dumpdir' 'cmTC_fa118.'
gmake[1]: Leaving directory '/home/ec2-user/s3/S3C++/sdk_build/CMakeFiles/CMakeTmp'



Parsed C implicit include dir info from above output: rv=done
  found start of include info
  found start of implicit include info
    add: [/usr/lib/gcc/x86_64-amazon-linux/11/include]
    add: [/usr/local/include]
    add: [/usr/include]
  end of search list found
  collapse include dir [/usr/lib/gcc/x86_64-amazon-linux/11/include] ==> [/usr/lib/gcc/x86_64-amazon-linux/11/include]
  collapse include dir [/usr/local/include] ==> [/usr/local/include]
  collapse include dir [/usr/include] ==> [/usr/include]
  implicit include dirs: [/usr/lib/gcc/x86_64-amazon-linux/11/include;/usr/local/include;/usr/include]


Parsed C implicit link information from above output:
  link line regex: [^( *|.*[/\])(ld|CMAKE_LINK_STARTFILE-NOTFOUND|([^/\]+-)?ld|collect2)[^/\]*( |$)]
  ignore line: [Change Dir: /home/ec2-user/s3/S3C++/sdk_build/CMakeFiles/CMakeTmp]
  ignore line: []
  ignore line: [Run Build Command(s):/usr/bin/gmake -f Makefile cmTC_fa118/fast && /usr/bin/gmake  -f CMakeFiles/cmTC_fa118.dir/build.make CMakeFiles/cmTC_fa118.dir/build]
  ignore line: [gmake[1]: Entering directory '/home/ec2-user/s3/S3C++/sdk_build/CMakeFiles/CMakeTmp']
  ignore line: [Building C object CMakeFiles/cmTC_fa118.dir/CMakeCCompilerABI.c.o]
  ignore line: [/usr/bin/cc   -v -o CMakeFiles/cmTC_fa118.dir/CMakeCCompilerABI.c.o -c /usr/share/cmake/Modules/CMakeCCompilerABI.c]
  ignore line: [Using built-in specs.]
  ignore line: [COLLECT_GCC=/usr/bin/cc]
  ignore line: [OFFLOAD_TARGET_NAMES=nvptx-none]
  ignore line: [OFFLOAD_TARGET_DEFAULT=1]
  ignore line: [Target: x86_64-amazon-linux]
  ignore line: [Configured with: ../configure --enable-bootstrap --enable-languages=c c++ fortran lto --prefix=/usr --mandir=/usr/share/man --infodir=/usr/share/info --with-bugurl=https://github.com/amazonlinux/amazon-linux-2022 --enable-shared --enable-threads=posix --enable-checking=release --enable-multilib --with-system-zlib --enable-__cxa_atexit --disable-libunwind-exceptions --enable-gnu-unique-object --enable-linker-build-id --with-gcc-major-version-only --with-linker-hash-style=gnu --enable-plugin --enable-initfini-array --with-isl=/builddir/build/BUILD/gcc-11.4.1-20230605/obj-x86_64-amazon-linux/isl-install --enable-offload-targets=nvptx-none --without-cuda-driver --enable-gnu-indirect-function --enable-cet --with-tune=generic --with-arch_64=x86-64-v2 --with-arch_32=x86-64 --build=x86_64-amazon-linux]
  ignore line: [Thread model: posix]
  ignore line: [Supported LTO compression algorithms: zlib zstd]
  ignore line: [gcc version 11.4.1 20230605 (Red Hat 11.4.1-2) (GCC) ]
  ignore line: [COLLECT_GCC_OPTIONS='-v' '-o' 'CMakeFiles/cmTC_fa118.dir/CMakeCCompilerABI.c.o' '-c' '-mtune=generic' '-march=x86-64-v2' '-dumpdir' 'CMakeFiles/cmTC_fa118.dir/']
  ignore line: [ /usr/libexec/gcc/x86_64-amazon-linux/11/cc1 -quiet -v /usr/share/cmake/Modules/CMakeCCompilerABI.c -quiet -dumpdir CMakeFiles/cmTC_fa118.dir/ -dumpbase CMakeCCompilerABI.c.c -dumpbase-ext .c -mtune=generic -march=x86-64-v2 -version -o /tmp/ccSxhgkG.s]
  ignore line: [GNU C17 (GCC) version 11.4.1 20230605 (Red Hat 11.4.1-2) (x86_64-amazon-linux)]
  ignore line: [	compiled by GNU C version 11.4.1 20230605 (Red Hat 11.4.1-2)  GMP version 6.2.1  MPFR version 4.1.0-p13  MPC version 1.2.1  isl version isl-0.18-GMP]
  ignore line: []
  ignore line: [GGC heuristics: --param ggc-min-expand=100 --param ggc-min-heapsize=131072]
  ignore line: [ignoring nonexistent directory "/usr/lib/gcc/x86_64-amazon-linux/11/include-fixed"]
  ignore line: [ignoring nonexistent directory "/usr/lib/gcc/x86_64-amazon-linux/11/../../../../x86_64-amazon-linux/include"]
  ignore line: [#include "..." search starts here:]
  ignore line: [#include <...> search starts here:]
  ignore line: [ /usr/lib/gcc/x86_64-amazon-linux/11/include]
  ignore line: [ /usr/local/include]
  ignore line: [ /usr/include]
  ignore line: [End of search list.]
  ignore line: [GNU C17 (GCC) version 11.4.1 20230605 (Red Hat 11.4.1-2) (x86_64-amazon-linux)]
  ignore line: [	compiled by GNU C version 11.4.1 20230605 (Red Hat 11.4.1-2)  GMP version 6.2.1  MPFR version 4.1.0-p13  MPC version 1.2.1  isl version isl-0.18-GMP]
  ignore line: []
  ignore line: [GGC heuristics: --param ggc-min-expand=100 --param ggc-min-heapsize=131072]
  ignore line: [Compiler executable checksum: 38fb4a4e7f51057a7187ca448e18904b]
  ignore line: [COLLECT_GCC_OPTIONS='-v' '-o' 'CMakeFiles/cmTC_fa118.dir/CMakeCCompilerABI.c.o' '-c' '-mtune=generic' '-march=x86-64-v2' '-dumpdir' 'CMakeFiles/cmTC_fa118.dir/']
  ignore line: [ as -v --64 -o CMakeFiles/cmTC_fa118.dir/CMakeCCompilerABI.c.o /tmp/ccSxhgkG.s]
  ignore line: [GNU assembler version 2.39 (x86_64-amazon-linux) using BFD version version 2.39-6.amzn2023.0.10]
  ignore line: [COMPILER_PATH=/usr/libexec/gcc/x86_64-amazon-linux/11/:/usr/libexec/gcc/x86_64-amazon-linux/11/:/usr/libexec/gcc/x86_64-amazon-linux/:/usr/lib/gcc/x86_64-amazon-linux/11/:/usr/lib/gcc/x86_64-amazon-linux/]
  ignore line: [LIBRARY_PATH=/usr/lib/gcc/x86_64-amazon-linux/11/:/usr/lib/gcc/x86_64-amazon-linux/11/../../../../lib64/:/lib/../lib64/:/usr/lib/../lib64/:/usr/lib/gcc/x86_64-amazon-linux/11/../../../:/lib/:/usr/lib/]
  ignore line: [COLLECT_GCC_OPTIONS='-v' '-o' 'CMakeFiles/cmTC_fa118.dir/CMakeCCompilerABI.c.o' '-c' '-mtune=generic' '-march=x86-64-v2' '-dumpdir' 'CMakeFiles/cmTC_fa118.dir/CMakeCCompilerABI.c.']
  ignore line: [Linking C executable cmTC_fa118]
  ignore line: [/usr/bin/cmake -E cmake_link_script CMakeFiles/cmTC_fa118.dir/link.txt --verbose=1]
  ignore line: [/usr/bin/cc  -v -rdynamic CMakeFiles/cmTC_fa118.dir/CMakeCCompilerABI.c.o -o cmTC_fa118 ]
  ignore line: [Using built-in specs.]
  ignore line: [COLLECT_GCC=/usr/bin/cc]
  ignore line: [COLLECT_LTO_WRAPPER=/usr/libexec/gcc/x86_64-amazon-linux/11/lto-wrapper]
  ignore line: [OFFLOAD_TARGET_NAMES=nvptx-none]
  ignore line: [OFFLOAD_TARGET_DEFAULT=1]
  ignore line: [Target: x86_64-amazon-linux]
  ignore line: [Configured with: ../configure --enable-bootstrap --enable-languages=c c++ fortran lto --prefix=/usr --mandir=/usr/share/man --infodir=/usr/share/info --with-bugurl=https://github.com/amazonlinux/amazon-linux-2022 --enable-shared --enable-threads=posix --enable-checking=release --enable-multilib --with-system-zlib --enable-__cxa_atexit --disable-libunwind-exceptions --enable-gnu-unique-object --enable-linker-build-id --with-gcc-major-version-only --with-linker-hash-style=gnu --enable-plugin --enable-initfini-array --with-isl=/builddir/build/BUILD/gcc-11.4.1-20230605/obj-x86_64-amazon-linux/isl-install --enable-offload-targets=nvptx-none --without-cuda-driver --enable-gnu-indirect-function --enable-cet --with-tune=generic --with-arch_64=x86-64-v2 --with-arch_32=x86-64 --build=x86_64-amazon-linux]
  ignore line: [Thread model: posix]
  ignore line: [Supported LTO compression algorithms: zlib zstd]
  ignore line: [gcc version 11.4.1 20230605 (Red Hat 11.4.1-2) (GCC) ]
  ignore line: [COMPILER_PATH=/usr/libexec/gcc/x86_64-amazon-linux/11/:/usr/libexec/gcc/x86_64-amazon-linux/11/:/usr/libexec/gcc/x86_64-amazon-linux/:/usr/lib/gcc/x86_64-amazon-linux/11/:/usr/lib/gcc/x86_64-amazon-linux/]
  ignore line: [LIBRARY_PATH=/usr/lib/gcc/x86_64-amazon-linux/11/:/usr/lib/gcc/x86_64-amazon-linux/11/../../../../lib64/:/lib/../lib64/:/usr/lib/../lib64/:/usr/lib/gcc/x86_64-amazon-linux/11/../../../:/lib/:/usr/lib/]
  ignore line: [COLLECT_GCC_OPTIONS='-v' '-rdynamic' '-o' 'cmTC_fa118' '-mtune=generic' '-march=x86-64-v2' '-dumpdir' 'cmTC_fa118.']
  link line: [ /usr/libexec/gcc/x86_64-amazon-linux/11/collect2 -plugin /usr/libexec/gcc/x86_64-amazon-linux/11/liblto_plugin.so -plugin-opt=/usr/libexec/gcc/x86_64-amazon-linux/11/lto-wrapper -plugin-opt=-fresolution=/tmp/ccFnATNo.res -plugin-opt=-pass-through=-lgcc -plugin-opt=-pass-through=-lgcc_s -plugin-opt=-pass-through=-lc -plugin-opt=-pass-through=-lgcc -plugin-opt=-pass-through=-lgcc_s --build-id --no-add-needed --eh-frame-hdr --hash-style=gnu -m elf_x86_64 -export-dynamic -dynamic-linker /lib64/ld-linux-x86-64.so.2 -o cmTC_fa118 /usr/lib/gcc/x86_64-amazon-linux/11/../../../../lib64/crt1.o /usr/lib/gcc/x86_64-amazon-linux/11/../../../../lib64/crti.o /usr/lib/gcc/x86_64-amazon-linux/11/crtbegin.o -L/usr/lib/gcc/x86_64-amazon-linux/11 -L/usr/lib/gcc/x86_64-amazon-linux/11/../../../../lib64 -L/lib/../lib64 -L/usr/lib/../lib64 -L/usr/lib/gcc/x86_64-amazon-linux/11/../../.. CMakeFiles/cmTC_fa118.dir/CMakeCCompilerABI.c.o -lgcc --push-state --as-needed -lgcc_s --pop-state -lc -lgcc --push-state --as-needed -lgcc_s --pop-state /usr/lib/gcc/x86_64-amazon-linux/11/crtend.o /usr/lib/gcc/x86_64-amazon-linux/11/../../../../lib64/crtn.o]
    arg [/usr/libexec/gcc/x86_64-amazon-linux/11/collect2] ==> ignore
    arg [-plugin] ==> ignore
    arg [/usr/libexec/gcc/x86_64-amazon-linux/11/liblto_plugin.so] ==> ignore
    arg [-plugin-opt=/usr/libexec/gcc/x86_64-amazon-linux/11/lto-wrapper] ==> ignore
    arg [-plugin-opt=-fresolution=/tmp/ccFnATNo.res] ==> ignore
    arg [-plugin-opt=-pass-through=-lgcc] ==> ignore
    arg [-plugin-opt=-pass-through=-lgcc_s] ==> ignore
    arg [-plugin-opt=-pass-through=-lc] ==> ignore
    arg [-plugin-opt=-pass-through=-lgcc] ==> ignore
    arg [-plugin-opt=-pass-through=-lgcc_s] ==> ignore
    arg [--build-id] ==> ignore
    arg [--no-add-needed] ==> ignore
    arg [--eh-frame-hdr] ==> ignore
    arg [--hash-style=gnu] ==> ignore
    arg [-m] ==> ignore
    arg [elf_x86_64] ==> ignore
    arg [-export-dynamic] ==> ignore
    arg [-dynamic-linker] ==> ignore
    arg [/lib64/ld-linux-x86-64.so.2] ==> ignore
    arg [-o] ==> ignore
    arg [cmTC_fa118] ==> ignore
    arg [/usr/lib/gcc/x86_64-amazon-linux/11/../../../../lib64/crt1.o] ==> obj [/usr/lib/gcc/x86_64-amazon-linux/11/../../../../lib64/crt1.o]
    arg [/usr/lib/gcc/x86_64-amazon-linux/11/../../../../lib64/crti.o] ==> obj [/usr/lib/gcc/x86_64-amazon-linux/11/../../../../lib64/crti.o]
    arg [/usr/lib/gcc/x86_64-amazon-linux/11/crtbegin.o] ==> obj [/usr/lib/gcc/x86_64-amazon-linux/11/crtbegin.o]
    arg [-L/usr/lib/gcc/x86_64-amazon-linux/11] ==> dir [/usr/lib/gcc/x86_64-amazon-linux/11]
    arg [-L/usr/lib/gcc/x86_64-amazon-linux/11/../../../../lib64] ==> dir [/usr/lib/gcc/x86_64-amazon-linux/11/../../../../lib64]
    arg [-L/lib/../lib64] ==> dir [/lib/../lib64]
    arg [-L/usr/lib/../lib64] ==> dir [/usr/lib/../lib64]
    arg [-L/usr/lib/gcc/x86_64-amazon-linux/11/../../..] ==> dir [/usr/lib/gcc/x86_64-amazon-linux/11/../../..]
    arg [CMakeFiles/cmTC_fa118.dir/CMakeCCompilerABI.c.o] ==> ignore
    arg [-lgcc] ==> lib [gcc]
    arg [--push-state] ==> ignore
    arg [--as-needed] ==> ignore
    arg [-lgcc_s] ==> lib [gcc_s]
    arg [--pop-state] ==> ignore
    arg [-lc] ==> lib [c]
    arg [-lgcc] ==> lib [gcc]
    arg [--push-state] ==> ignore
    arg [--as-needed] ==> ignore
    arg [-lgcc_s] ==> lib [gcc_s]
    arg [--pop-state] ==> ignore
    arg [/usr/lib/gcc/x86_64-amazon-linux/11/crtend.o] ==> obj [/usr/lib/gcc/x86_64-amazon-linux/11/crtend.o]
    arg [/usr/lib/gcc/x86_64-amazon-linux/11/../../../../lib64/crtn.o] ==> obj [/usr/lib/gcc/x86_64-amazon-linux/11/../../../../lib64/crtn.o]
  collapse obj [/usr/lib/gcc/x86_64-amazon-linux/11/../../../../lib64/crt1.o] ==> [/usr/lib64/crt1.o]
  collapse obj [/usr/lib/gcc/x86_64-amazon-linux/11/../../../../lib64/crti.o] ==> [/usr/lib64/crti.o]
  collapse obj [/usr/lib/gcc/x86_64-amazon-linux/11/../../../../lib64/crtn.o] ==> [/usr/lib64/crtn.o]
  collapse library dir [/usr/lib/gcc/x86_64-amazon-linux/11] ==> [/usr/lib/gcc/x86_64-amazon-linux/11]
  collapse library dir [/usr/lib/gcc/x86_64-amazon-linux/11/../../../../lib64] ==> [/usr/lib64]
  collapse library dir [/lib/../lib64] ==> [/lib64]
  collapse library dir [/usr/lib/../lib64] ==> [/usr/lib64]
  collapse library dir [/usr/lib/gcc/x86_64-amazon-linux/11/../../..] ==> [/usr/lib]
  implicit libs: [gcc;gcc_s;c;gcc;gcc_s]
  implicit objs: [/usr/lib64/crt1.o;/usr/lib64/crti.o;/usr/lib/gcc/x86_64-amazon-linux/11/crtbegin.o;/usr/lib/gcc/x86_64-amazon-linux/11/crtend.o;/usr/lib64/crtn.o]
  implicit dirs: [/usr/lib/gcc/x86_64-amazon-linux/11;/usr/lib64;/lib64;/usr/lib]
  implicit fwks: []


Performing C SOURCE FILE Test AWS_HAVE_GCC_OVERFLOW_MATH_EXTENSIONS succeeded with the following compile output:
Change Dir: /home/ec2-user/s3/S3C++/sdk_build/CMakeFiles/CMakeTmp

Run Build Command(s):/usr/bin/gmake -f Makefile cmTC_8ea10/fast && /usr/bin/gmake  -f CMakeFiles/cmTC_8ea10.dir/build.make CMakeFiles/cmTC_8ea10.dir/build
gmake[1]: Entering directory '/home/ec2-user/s3/S3C++/sdk_build/CMakeFiles/CMakeTmp'
Building C object CMakeFiles/cmTC_8ea10.dir/src.c.o
/usr/bin/cc -DAWS_HAVE_GCC_OVERFLOW_MATH_EXTENSIONS   -o CMakeFiles/cmTC_8ea10.dir/src.c.o -c /home/ec2-user/s3/S3C++/sdk_build/CMakeFiles/CMakeTmp/src.c
Linking C executable cmTC_8ea10
/usr/bin/cmake -E cmake_link_script CMakeFiles/cmTC_8ea10.dir/link.txt --verbose=1
/usr/bin/cc -rdynamic CMakeFiles/cmTC_8ea10.dir/src.c.o -o cmTC_8ea10 
gmake[1]: Leaving directory '/home/ec2-user/s3/S3C++/sdk_build/CMakeFiles/CMakeTmp'


...and run output:

Return value: 1
Source file was:

    #include <stdbool.h>
    bool foo(int a, int b, int *c) {
        return __builtin_mul_overflow(a, b, c);
    }

    int main() {
        int out;
        if (foo(1, 2, &out)) {
            return 0;
        }

        return 0;
    }
Performing C SOURCE FILE Test AWS_ARCH_INTEL succeeded with the following output:
Change Dir: /home/ec2-user/s3/S3C++/sdk_build/CMakeFiles/CMakeTmp

Run Build Command(s):/usr/bin/gmake -f Makefile cmTC_701e6/fast && /usr/bin/gmake  -f CMakeFiles/cmTC_701e6.dir/build.make CMakeFiles/cmTC_701e6.dir/build
gmake[1]: Entering directory '/home/ec2-user/s3/S3C++/sdk_build/CMakeFiles/CMakeTmp'
Building C object CMakeFiles/cmTC_701e6.dir/src.c.o
/usr/bin/cc -DAWS_ARCH_INTEL   -o CMakeFiles/cmTC_701e6.dir/src.c.o -c /home/ec2-user/s3/S3C++/sdk_build/CMakeFiles/CMakeTmp/src.c
Linking C executable cmTC_701e6
/usr/bin/cmake -E cmake_link_script CMakeFiles/cmTC_701e6.dir/link.txt --verbose=1
/usr/bin/cc CMakeFiles/cmTC_701e6.dir/src.c.o -o cmTC_701e6 
gmake[1]: Leaving directory '/home/ec2-user/s3/S3C++/sdk_build/CMakeFiles/CMakeTmp'


Source file was:

    int main() {
#if !(defined(__x86_64__) || defined(__i386__) || defined(_M_X64) || defined(_M_IX86))
#    error "not intel"
#endif
        return 0;
    }

Performing C SOURCE FILE Test AWS_ARCH_INTEL_X64 succeeded with the following output:
Change Dir: /home/ec2-user/s3/S3C++/sdk_build/CMakeFiles/CMakeTmp

Run Build Command(s):/usr/bin/gmake -f Makefile cmTC_075bf/fast && /usr/bin/gmake  -f CMakeFiles/cmTC_075bf.dir/build.make CMakeFiles/cmTC_075bf.dir/build
gmake[1]: Entering directory '/home/ec2-user/s3/S3C++/sdk_build/CMakeFiles/CMakeTmp'
Building C object CMakeFiles/cmTC_075bf.dir/src.c.o
/usr/bin/cc -DAWS_ARCH_INTEL_X64   -o CMakeFiles/cmTC_075bf.dir/src.c.o -c /home/ec2-user/s3/S3C++/sdk_build/CMakeFiles/CMakeTmp/src.c
Linking C executable cmTC_075bf
/usr/bin/cmake -E cmake_link_script CMakeFiles/cmTC_075bf.dir/link.txt --verbose=1
/usr/bin/cc CMakeFiles/cmTC_075bf.dir/src.c.o -o cmTC_075bf 
gmake[1]: Leaving directory '/home/ec2-user/s3/S3C++/sdk_build/CMakeFiles/CMakeTmp'


Source file was:

    int main() {
#if !(defined(__x86_64__) || defined(_M_X64))
#    error "not intel"
#endif
        return 0;
    }

Performing C SOURCE FILE Test AWS_HAVE_GCC_INLINE_ASM succeeded with the following output:
Change Dir: /home/ec2-user/s3/S3C++/sdk_build/CMakeFiles/CMakeTmp

Run Build Command(s):/usr/bin/gmake -f Makefile cmTC_7cd8a/fast && /usr/bin/gmake  -f CMakeFiles/cmTC_7cd8a.dir/build.make CMakeFiles/cmTC_7cd8a.dir/build
gmake[1]: Entering directory '/home/ec2-user/s3/S3C++/sdk_build/CMakeFiles/CMakeTmp'
Building C object CMakeFiles/cmTC_7cd8a.dir/src.c.o
/usr/bin/cc -DAWS_HAVE_GCC_INLINE_ASM   -o CMakeFiles/cmTC_7cd8a.dir/src.c.o -c /home/ec2-user/s3/S3C++/sdk_build/CMakeFiles/CMakeTmp/src.c
Linking C executable cmTC_7cd8a
/usr/bin/cmake -E cmake_link_script CMakeFiles/cmTC_7cd8a.dir/link.txt --verbose=1
/usr/bin/cc CMakeFiles/cmTC_7cd8a.dir/src.c.o -o cmTC_7cd8a 
gmake[1]: Leaving directory '/home/ec2-user/s3/S3C++/sdk_build/CMakeFiles/CMakeTmp'


Source file was:

int main() {
    int foo = 42, bar = 24;
    __asm__ __volatile__("":"=r"(foo):"r"(bar):"memory");
}
Performing C SOURCE FILE Test AWS_HAVE_AUXV succeeded with the following output:
Change Dir: /home/ec2-user/s3/S3C++/sdk_build/CMakeFiles/CMakeTmp

Run Build Command(s):/usr/bin/gmake -f Makefile cmTC_5dff3/fast && /usr/bin/gmake  -f CMakeFiles/cmTC_5dff3.dir/build.make CMakeFiles/cmTC_5dff3.dir/build
gmake[1]: Entering directory '/home/ec2-user/s3/S3C++/sdk_build/CMakeFiles/CMakeTmp'
Building C object CMakeFiles/cmTC_5dff3.dir/src.c.o
/usr/bin/cc -DAWS_HAVE_AUXV   -o CMakeFiles/cmTC_5dff3.dir/src.c.o -c /home/ec2-user/s3/S3C++/sdk_build/CMakeFiles/CMakeTmp/src.c
Linking C executable cmTC_5dff3
/usr/bin/cmake -E cmake_link_script CMakeFiles/cmTC_5dff3.dir/link.txt --verbose=1
/usr/bin/cc CMakeFiles/cmTC_5dff3.dir/src.c.o -o cmTC_5dff3 
gmake[1]: Leaving directory '/home/ec2-user/s3/S3C++/sdk_build/CMakeFiles/CMakeTmp'


Source file was:

#include <sys/auxv.h>
int main() {
#ifdef __linux__
    getauxval(AT_HWCAP);
    getauxval(AT_HWCAP2);
#endif
    return 0;
}
Performing C SOURCE FILE Test AWS_HAVE_EXECINFO succeeded with the following output:
Change Dir: /home/ec2-user/s3/S3C++/sdk_build/CMakeFiles/CMakeTmp

Run Build Command(s):/usr/bin/gmake -f Makefile cmTC_c4b61/fast && /usr/bin/gmake  -f CMakeFiles/cmTC_c4b61.dir/build.make CMakeFiles/cmTC_c4b61.dir/build
gmake[1]: Entering directory '/home/ec2-user/s3/S3C++/sdk_build/CMakeFiles/CMakeTmp'
Building C object CMakeFiles/cmTC_c4b61.dir/src.c.o
/usr/bin/cc -DAWS_HAVE_EXECINFO   -o CMakeFiles/cmTC_c4b61.dir/src.c.o -c /home/ec2-user/s3/S3C++/sdk_build/CMakeFiles/CMakeTmp/src.c
Linking C executable cmTC_c4b61
/usr/bin/cmake -E cmake_link_script CMakeFiles/cmTC_c4b61.dir/link.txt --verbose=1
/usr/bin/cc CMakeFiles/cmTC_c4b61.dir/src.c.o -o cmTC_c4b61 
gmake[1]: Leaving directory '/home/ec2-user/s3/S3C++/sdk_build/CMakeFiles/CMakeTmp'


Source file was:

    #include <execinfo.h>
    #include <stdlib.h>
    int main() {
        backtrace(NULL, 0);
        return 0;
    }
Performing C SOURCE FILE Test AWS_HAVE_LINUX_IF_LINK_H succeeded with the following output:
Change Dir: /home/ec2-user/s3/S3C++/sdk_build/CMakeFiles/CMakeTmp

Run Build Command(s):/usr/bin/gmake -f Makefile cmTC_d3c4a/fast && /usr/bin/gmake  -f CMakeFiles/cmTC_d3c4a.dir/build.make CMakeFiles/cmTC_d3c4a.dir/build
gmake[1]: Entering directory '/home/ec2-user/s3/S3C++/sdk_build/CMakeFiles/CMakeTmp'
Building C object CMakeFiles/cmTC_d3c4a.dir/src.c.o
/usr/bin/cc -DAWS_HAVE_LINUX_IF_LINK_H   -o CMakeFiles/cmTC_d3c4a.dir/src.c.o -c /home/ec2-user/s3/S3C++/sdk_build/CMakeFiles/CMakeTmp/src.c
Linking C executable cmTC_d3c4a
/usr/bin/cmake -E cmake_link_script CMakeFiles/cmTC_d3c4a.dir/link.txt --verbose=1
/usr/bin/cc CMakeFiles/cmTC_d3c4a.dir/src.c.o -o cmTC_d3c4a 
gmake[1]: Leaving directory '/home/ec2-user/s3/S3C++/sdk_build/CMakeFiles/CMakeTmp'


Source file was:

#include <linux/if_link.h>
int main() {
    return 1;
}
Performing C SOURCE FILE Test HAVE_M_AVX2_FLAG succeeded with the following output:
Change Dir: /home/ec2-user/s3/S3C++/sdk_build/CMakeFiles/CMakeTmp

Run Build Command(s):/usr/bin/gmake -f Makefile cmTC_3731e/fast && /usr/bin/gmake  -f CMakeFiles/cmTC_3731e.dir/build.make CMakeFiles/cmTC_3731e.dir/build
gmake[1]: Entering directory '/home/ec2-user/s3/S3C++/sdk_build/CMakeFiles/CMakeTmp'
Building C object CMakeFiles/cmTC_3731e.dir/src.c.o
/usr/bin/cc -DHAVE_M_AVX2_FLAG  -mavx -mavx2 -o CMakeFiles/cmTC_3731e.dir/src.c.o -c /home/ec2-user/s3/S3C++/sdk_build/CMakeFiles/CMakeTmp/src.c
Linking C executable cmTC_3731e
/usr/bin/cmake -E cmake_link_script CMakeFiles/cmTC_3731e.dir/link.txt --verbose=1
/usr/bin/cc CMakeFiles/cmTC_3731e.dir/src.c.o -o cmTC_3731e 
gmake[1]: Leaving directory '/home/ec2-user/s3/S3C++/sdk_build/CMakeFiles/CMakeTmp'


Source file was:
int main(void) { return 0; }
Performing C SOURCE FILE Test HAVE_M_AVX512_FLAG succeeded with the following output:
Change Dir: /home/ec2-user/s3/S3C++/sdk_build/CMakeFiles/CMakeTmp

Run Build Command(s):/usr/bin/gmake -f Makefile cmTC_425b5/fast && /usr/bin/gmake  -f CMakeFiles/cmTC_425b5.dir/build.make CMakeFiles/cmTC_425b5.dir/build
gmake[1]: Entering directory '/home/ec2-user/s3/S3C++/sdk_build/CMakeFiles/CMakeTmp'
Building C object CMakeFiles/cmTC_425b5.dir/src.c.o
/usr/bin/cc -DHAVE_M_AVX512_FLAG  -mavx512f -mvpclmulqdq -mpclmul -o CMakeFiles/cmTC_425b5.dir/src.c.o -c /home/ec2-user/s3/S3C++/sdk_build/CMakeFiles/CMakeTmp/src.c
Linking C executable cmTC_425b5
/usr/bin/cmake -E cmake_link_script CMakeFiles/cmTC_425b5.dir/link.txt --verbose=1
/usr/bin/cc CMakeFiles/cmTC_425b5.dir/src.c.o -o cmTC_425b5 
gmake[1]: Leaving directory '/home/ec2-user/s3/S3C++/sdk_build/CMakeFiles/CMakeTmp'


Source file was:
int main(void) { return 0; }
Performing C SOURCE FILE Test AWS_HAVE_AVX2_INTRINSICS succeeded with the following output:
Change Dir: /home/ec2-user/s3/S3C++/sdk_build/CMakeFiles/CMakeTmp

Run Build Command(s):/usr/bin/gmake -f Makefile cmTC_af30b/fast && /usr/bin/gmake  -f CMakeFiles/cmTC_af30b.dir/build.make CMakeFiles/cmTC_af30b.dir/build
gmake[1]: Entering directory '/home/ec2-user/s3/S3C++/sdk_build/CMakeFiles/CMakeTmp'
Building C object CMakeFiles/cmTC_af30b.dir/src.c.o
/usr/bin/cc -DAWS_HAVE_AVX2_INTRINSICS  -mavx512f -mvpclmulqdq -mpclmul -mavx -mavx2 -msse4.2 -Werror -o CMakeFiles/cmTC_af30b.dir/src.c.o -c /home/ec2-user/s3/S3C++/sdk_build/CMakeFiles/CMakeTmp/src.c
Linking C executable cmTC_af30b
/usr/bin/cmake -E cmake_link_script CMakeFiles/cmTC_af30b.dir/link.txt --verbose=1
/usr/bin/cc   -mavx512f -mvpclmulqdq -mpclmul -mavx -mavx2 -msse4.2 -Werror CMakeFiles/cmTC_af30b.dir/src.c.o -o cmTC_af30b 
gmake[1]: Leaving directory '/home/ec2-user/s3/S3C++/sdk_build/CMakeFiles/CMakeTmp'


Source file was:

        #include <immintrin.h>
        #include <emmintrin.h>
        #include <string.h>

        int main() {
            __m256i vec;
            memset(&vec, 0, sizeof(vec));

            _mm256_shuffle_epi8(vec, vec);
            _mm256_set_epi32(1,2,3,4,5,6,7,8);
            _mm256_permutevar8x32_epi32(vec, vec);

            return 0;
        }
Performing C SOURCE FILE Test AWS_HAVE_AVX512_INTRINSICS succeeded with the following output:
Change Dir: /home/ec2-user/s3/S3C++/sdk_build/CMakeFiles/CMakeTmp

Run Build Command(s):/usr/bin/gmake -f Makefile cmTC_a919a/fast && /usr/bin/gmake  -f CMakeFiles/cmTC_a919a.dir/build.make CMakeFiles/cmTC_a919a.dir/build
gmake[1]: Entering directory '/home/ec2-user/s3/S3C++/sdk_build/CMakeFiles/CMakeTmp'
Building C object CMakeFiles/cmTC_a919a.dir/src.c.o
/usr/bin/cc -DAWS_HAVE_AVX512_INTRINSICS  -mavx512f -mvpclmulqdq -mpclmul -mavx -mavx2 -msse4.2 -Werror -o CMakeFiles/cmTC_a919a.dir/src.c.o -c /home/ec2-user/s3/S3C++/sdk_build/CMakeFiles/CMakeTmp/src.c
Linking C executable cmTC_a919a
/usr/bin/cmake -E cmake_link_script CMakeFiles/cmTC_a919a.dir/link.txt --verbose=1
/usr/bin/cc   -mavx512f -mvpclmulqdq -mpclmul -mavx -mavx2 -msse4.2 -Werror CMakeFiles/cmTC_a919a.dir/src.c.o -o cmTC_a919a 
gmake[1]: Leaving directory '/home/ec2-user/s3/S3C++/sdk_build/CMakeFiles/CMakeTmp'


Source file was:

        #include <immintrin.h>

        int main() {
            __m512 a = _mm512_setzero_ps();
            return 0;
        }
Performing C SOURCE FILE Test AWS_HAVE_MM256_EXTRACT_EPI64 succeeded with the following output:
Change Dir: /home/ec2-user/s3/S3C++/sdk_build/CMakeFiles/CMakeTmp

Run Build Command(s):/usr/bin/gmake -f Makefile cmTC_d8373/fast && /usr/bin/gmake  -f CMakeFiles/cmTC_d8373.dir/build.make CMakeFiles/cmTC_d8373.dir/build
gmake[1]: Entering directory '/home/ec2-user/s3/S3C++/sdk_build/CMakeFiles/CMakeTmp'
Building C object CMakeFiles/cmTC_d8373.dir/src.c.o
/usr/bin/cc -DAWS_HAVE_MM256_EXTRACT_EPI64  -mavx512f -mvpclmulqdq -mpclmul -mavx -mavx2 -msse4.2 -Werror -o CMakeFiles/cmTC_d8373.dir/src.c.o -c /home/ec2-user/s3/S3C++/sdk_build/CMakeFiles/CMakeTmp/src.c
Linking C executable cmTC_d8373
/usr/bin/cmake -E cmake_link_script CMakeFiles/cmTC_d8373.dir/link.txt --verbose=1
/usr/bin/cc   -mavx512f -mvpclmulqdq -mpclmul -mavx -mavx2 -msse4.2 -Werror CMakeFiles/cmTC_d8373.dir/src.c.o -o cmTC_d8373 
gmake[1]: Leaving directory '/home/ec2-user/s3/S3C++/sdk_build/CMakeFiles/CMakeTmp'


Source file was:

        #include <immintrin.h>
        #include <string.h>

        int main() {
            __m256i vec;
            memset(&vec, 0, sizeof(vec));
            return (int)_mm256_extract_epi64(vec, 2);
        }
Performing C SOURCE FILE Test AWS_HAVE_CLMUL succeeded with the following output:
Change Dir: /home/ec2-user/s3/S3C++/sdk_build/CMakeFiles/CMakeTmp

Run Build Command(s):/usr/bin/gmake -f Makefile cmTC_d1bc9/fast && /usr/bin/gmake  -f CMakeFiles/cmTC_d1bc9.dir/build.make CMakeFiles/cmTC_d1bc9.dir/build
gmake[1]: Entering directory '/home/ec2-user/s3/S3C++/sdk_build/CMakeFiles/CMakeTmp'
Building C object CMakeFiles/cmTC_d1bc9.dir/src.c.o
/usr/bin/cc -DAWS_HAVE_CLMUL  -mavx512f -mvpclmulqdq -mpclmul -mavx -mavx2 -msse4.2 -Werror -o CMakeFiles/cmTC_d1bc9.dir/src.c.o -c /home/ec2-user/s3/S3C++/sdk_build/CMakeFiles/CMakeTmp/src.c
Linking C executable cmTC_d1bc9
/usr/bin/cmake -E cmake_link_script CMakeFiles/cmTC_d1bc9.dir/link.txt --verbose=1
/usr/bin/cc   -mavx512f -mvpclmulqdq -mpclmul -mavx -mavx2 -msse4.2 -Werror CMakeFiles/cmTC_d1bc9.dir/src.c.o -o cmTC_d1bc9 
gmake[1]: Leaving directory '/home/ec2-user/s3/S3C++/sdk_build/CMakeFiles/CMakeTmp'


Source file was:

        #include <wmmintrin.h>
        #include <emmintrin.h>
        int main() {
            __m128i a = _mm_setzero_si128();
            __m128i b = _mm_setzero_si128();
            __m128i result = _mm_clmulepi64_si128(a, b, 0x00);
            (void)result;
            return 0;
        }
Determining if the include file pthread.h exists passed with the following output:
Change Dir: /home/ec2-user/s3/S3C++/sdk_build/CMakeFiles/CMakeTmp

Run Build Command(s):/usr/bin/gmake -f Makefile cmTC_31eee/fast && /usr/bin/gmake  -f CMakeFiles/cmTC_31eee.dir/build.make CMakeFiles/cmTC_31eee.dir/build
gmake[1]: Entering directory '/home/ec2-user/s3/S3C++/sdk_build/CMakeFiles/CMakeTmp'
Building C object CMakeFiles/cmTC_31eee.dir/CheckIncludeFile.c.o
/usr/bin/cc    -o CMakeFiles/cmTC_31eee.dir/CheckIncludeFile.c.o -c /home/ec2-user/s3/S3C++/sdk_build/CMakeFiles/CMakeTmp/CheckIncludeFile.c
Linking C executable cmTC_31eee
/usr/bin/cmake -E cmake_link_script CMakeFiles/cmTC_31eee.dir/link.txt --verbose=1
/usr/bin/cc -rdynamic CMakeFiles/cmTC_31eee.dir/CheckIncludeFile.c.o -o cmTC_31eee 
gmake[1]: Leaving directory '/home/ec2-user/s3/S3C++/sdk_build/CMakeFiles/CMakeTmp'



Performing C SOURCE FILE Test CMAKE_HAVE_LIBC_PTHREAD succeeded with the following output:
Change Dir: /home/ec2-user/s3/S3C++/sdk_build/CMakeFiles/CMakeTmp

Run Build Command(s):/usr/bin/gmake -f Makefile cmTC_00621/fast && /usr/bin/gmake  -f CMakeFiles/cmTC_00621.dir/build.make CMakeFiles/cmTC_00621.dir/build
gmake[1]: Entering directory '/home/ec2-user/s3/S3C++/sdk_build/CMakeFiles/CMakeTmp'
Building C object CMakeFiles/cmTC_00621.dir/src.c.o
/usr/bin/cc -DCMAKE_HAVE_LIBC_PTHREAD   -o CMakeFiles/cmTC_00621.dir/src.c.o -c /home/ec2-user/s3/S3C++/sdk_build/CMakeFiles/CMakeTmp/src.c
Linking C executable cmTC_00621
/usr/bin/cmake -E cmake_link_script CMakeFiles/cmTC_00621.dir/link.txt --verbose=1
/usr/bin/cc CMakeFiles/cmTC_00621.dir/src.c.o -o cmTC_00621 
gmake[1]: Leaving directory '/home/ec2-user/s3/S3C++/sdk_build/CMakeFiles/CMakeTmp'


Source file was:
#include <pthread.h>

static void* test_func(void* data)
{
  return data;
}

int main(void)
{
  pthread_t thread;
  pthread_create(&thread, NULL, test_func, NULL);
  pthread_detach(thread);
  pthread_cancel(thread);
  pthread_join(thread, NULL);
  pthread_atfork(NULL, NULL, NULL);
  pthread_exit(NULL);

  return 0;
}

Performing C SOURCE FILE Test HAS_FPIC_FLAG succeeded with the following output:
Change Dir: /home/ec2-user/s3/S3C++/sdk_build/CMakeFiles/CMakeTmp

Run Build Command(s):/usr/bin/gmake -f Makefile cmTC_cd901/fast && /usr/bin/gmake  -f CMakeFiles/cmTC_cd901.dir/build.make CMakeFiles/cmTC_cd901.dir/build
gmake[1]: Entering directory '/home/ec2-user/s3/S3C++/sdk_build/CMakeFiles/CMakeTmp'
Building C object CMakeFiles/cmTC_cd901.dir/src.c.o
/usr/bin/cc -DHAS_FPIC_FLAG  -fPIC -Werror -o CMakeFiles/cmTC_cd901.dir/src.c.o -c /home/ec2-user/s3/S3C++/sdk_build/CMakeFiles/CMakeTmp/src.c
Linking C executable cmTC_cd901
/usr/bin/cmake -E cmake_link_script CMakeFiles/cmTC_cd901.dir/link.txt --verbose=1
/usr/bin/cc CMakeFiles/cmTC_cd901.dir/src.c.o -o cmTC_cd901 
gmake[1]: Leaving directory '/home/ec2-user/s3/S3C++/sdk_build/CMakeFiles/CMakeTmp'


Source file was:
int main(void) { return 0; }
Performing C SOURCE FILE Test HAS_64BIT_FILE_OFFSET_BY_DEFAULT succeeded with the following output:
Change Dir: /home/ec2-user/s3/S3C++/sdk_build/CMakeFiles/CMakeTmp

Run Build Command(s):/usr/bin/gmake -f Makefile cmTC_8d8a1/fast && /usr/bin/gmake  -f CMakeFiles/cmTC_8d8a1.dir/build.make CMakeFiles/cmTC_8d8a1.dir/build
gmake[1]: Entering directory '/home/ec2-user/s3/S3C++/sdk_build/CMakeFiles/CMakeTmp'
Building C object CMakeFiles/cmTC_8d8a1.dir/src.c.o
/usr/bin/cc -DHAS_64BIT_FILE_OFFSET_BY_DEFAULT   -o CMakeFiles/cmTC_8d8a1.dir/src.c.o -c /home/ec2-user/s3/S3C++/sdk_build/CMakeFiles/CMakeTmp/src.c
Linking C executable cmTC_8d8a1
/usr/bin/cmake -E cmake_link_script CMakeFiles/cmTC_8d8a1.dir/link.txt --verbose=1
/usr/bin/cc CMakeFiles/cmTC_8d8a1.dir/src.c.o -o cmTC_8d8a1 
gmake[1]: Leaving directory '/home/ec2-user/s3/S3C++/sdk_build/CMakeFiles/CMakeTmp'


Source file was:

        #include <stdio.h>

        /* fails to compile if off_t smaller than 64bits */
        typedef char array[sizeof(off_t) >= 8 ? 1 : -1];

        int main() {
            return 0;
        }
Determining if the fseeko exist passed with the following output:
Change Dir: /home/ec2-user/s3/S3C++/sdk_build/CMakeFiles/CMakeTmp

Run Build Command(s):/usr/bin/gmake -f Makefile cmTC_242fa/fast && /usr/bin/gmake  -f CMakeFiles/cmTC_242fa.dir/build.make CMakeFiles/cmTC_242fa.dir/build
gmake[1]: Entering directory '/home/ec2-user/s3/S3C++/sdk_build/CMakeFiles/CMakeTmp'
Building C object CMakeFiles/cmTC_242fa.dir/CheckSymbolExists.c.o
/usr/bin/cc    -o CMakeFiles/cmTC_242fa.dir/CheckSymbolExists.c.o -c /home/ec2-user/s3/S3C++/sdk_build/CMakeFiles/CMakeTmp/CheckSymbolExists.c
Linking C executable cmTC_242fa
/usr/bin/cmake -E cmake_link_script CMakeFiles/cmTC_242fa.dir/link.txt --verbose=1
/usr/bin/cc -rdynamic CMakeFiles/cmTC_242fa.dir/CheckSymbolExists.c.o -o cmTC_242fa 
gmake[1]: Leaving directory '/home/ec2-user/s3/S3C++/sdk_build/CMakeFiles/CMakeTmp'


File /home/ec2-user/s3/S3C++/sdk_build/CMakeFiles/CMakeTmp/CheckSymbolExists.c:
/* */
#include <stdio.h>

int main(int argc, char** argv)
{
  (void)argv;
#ifndef fseeko
  return ((int*)(&fseeko))[argc];
#else
  (void)argc;
  return 0;
#endif
}
Determining if the include file stdint.h exists passed with the following output:
Change Dir: /home/ec2-user/s3/S3C++/sdk_build/CMakeFiles/CMakeTmp

Run Build Command(s):/usr/bin/gmake -f Makefile cmTC_12ae5/fast && /usr/bin/gmake  -f CMakeFiles/cmTC_12ae5.dir/build.make CMakeFiles/cmTC_12ae5.dir/build
gmake[1]: Entering directory '/home/ec2-user/s3/S3C++/sdk_build/CMakeFiles/CMakeTmp'
Building C object CMakeFiles/cmTC_12ae5.dir/CheckIncludeFile.c.o
/usr/bin/cc    -o CMakeFiles/cmTC_12ae5.dir/CheckIncludeFile.c.o -c /home/ec2-user/s3/S3C++/sdk_build/CMakeFiles/CMakeTmp/CheckIncludeFile.c
Linking C executable cmTC_12ae5
/usr/bin/cmake -E cmake_link_script CMakeFiles/cmTC_12ae5.dir/link.txt --verbose=1
/usr/bin/cc -rdynamic CMakeFiles/cmTC_12ae5.dir/CheckIncludeFile.c.o -o cmTC_12ae5 
gmake[1]: Leaving directory '/home/ec2-user/s3/S3C++/sdk_build/CMakeFiles/CMakeTmp'



Determining if the include file stdbool.h exists passed with the following output:
Change Dir: /home/ec2-user/s3/S3C++/sdk_build/CMakeFiles/CMakeTmp

Run Build Command(s):/usr/bin/gmake -f Makefile cmTC_2cb1f/fast && /usr/bin/gmake  -f CMakeFiles/cmTC_2cb1f.dir/build.make CMakeFiles/cmTC_2cb1f.dir/build
gmake[1]: Entering directory '/home/ec2-user/s3/S3C++/sdk_build/CMakeFiles/CMakeTmp'
Building C object CMakeFiles/cmTC_2cb1f.dir/CheckIncludeFile.c.o
/usr/bin/cc    -o CMakeFiles/cmTC_2cb1f.dir/CheckIncludeFile.c.o -c /home/ec2-user/s3/S3C++/sdk_build/CMakeFiles/CMakeTmp/CheckIncludeFile.c
Linking C executable cmTC_2cb1f
/usr/bin/cmake -E cmake_link_script CMakeFiles/cmTC_2cb1f.dir/link.txt --verbose=1
/usr/bin/cc -rdynamic CMakeFiles/cmTC_2cb1f.dir/CheckIncludeFile.c.o -o cmTC_2cb1f 
gmake[1]: Leaving directory '/home/ec2-user/s3/S3C++/sdk_build/CMakeFiles/CMakeTmp'



Performing C SOURCE FILE Test HAVE_SYSCONF succeeded with the following output:
Change Dir: /home/ec2-user/s3/S3C++/sdk_build/CMakeFiles/CMakeTmp

Run Build Command(s):/usr/bin/gmake -f Makefile cmTC_44df8/fast && /usr/bin/gmake  -f CMakeFiles/cmTC_44df8.dir/build.make CMakeFiles/cmTC_44df8.dir/build
gmake[1]: Entering directory '/home/ec2-user/s3/S3C++/sdk_build/CMakeFiles/CMakeTmp'
Building C object CMakeFiles/cmTC_44df8.dir/src.c.o
/usr/bin/cc -DHAVE_SYSCONF   -o CMakeFiles/cmTC_44df8.dir/src.c.o -c /home/ec2-user/s3/S3C++/sdk_build/CMakeFiles/CMakeTmp/src.c
Linking C executable cmTC_44df8
/usr/bin/cmake -E cmake_link_script CMakeFiles/cmTC_44df8.dir/link.txt --verbose=1
/usr/bin/cc CMakeFiles/cmTC_44df8.dir/src.c.o -o cmTC_44df8 
gmake[1]: Leaving directory '/home/ec2-user/s3/S3C++/sdk_build/CMakeFiles/CMakeTmp'


Source file was:

    #include <unistd.h>
    int main() {
      sysconf(_SC_NPROCESSORS_ONLN);
    }
Determining if the pthread_attr_setaffinity_np exist passed with the following output:
Change Dir: /home/ec2-user/s3/S3C++/sdk_build/CMakeFiles/CMakeTmp

Run Build Command(s):/usr/bin/gmake -f Makefile cmTC_397ef/fast && /usr/bin/gmake  -f CMakeFiles/cmTC_397ef.dir/build.make CMakeFiles/cmTC_397ef.dir/build
gmake[1]: Entering directory '/home/ec2-user/s3/S3C++/sdk_build/CMakeFiles/CMakeTmp'
Building C object CMakeFiles/cmTC_397ef.dir/CheckSymbolExists.c.o
/usr/bin/cc -D_GNU_SOURCE   -o CMakeFiles/cmTC_397ef.dir/CheckSymbolExists.c.o -c /home/ec2-user/s3/S3C++/sdk_build/CMakeFiles/CMakeTmp/CheckSymbolExists.c
Linking C executable cmTC_397ef
/usr/bin/cmake -E cmake_link_script CMakeFiles/cmTC_397ef.dir/link.txt --verbose=1
/usr/bin/cc -rdynamic CMakeFiles/cmTC_397ef.dir/CheckSymbolExists.c.o -o cmTC_397ef  -lpthread 
gmake[1]: Leaving directory '/home/ec2-user/s3/S3C++/sdk_build/CMakeFiles/CMakeTmp'


File /home/ec2-user/s3/S3C++/sdk_build/CMakeFiles/CMakeTmp/CheckSymbolExists.c:
/* */
#include <pthread.h>

int main(int argc, char** argv)
{
  (void)argv;
#ifndef pthread_attr_setaffinity_np
  return ((int*)(&pthread_attr_setaffinity_np))[argc];
#else
  (void)argc;
  return 0;
#endif
}
Performing C SOURCE FILE Test PTHREAD_SETNAME_TAKES_2ARGS succeeded with the following output:
Change Dir: /home/ec2-user/s3/S3C++/sdk_build/CMakeFiles/CMakeTmp

Run Build Command(s):/usr/bin/gmake -f Makefile cmTC_3bf88/fast && /usr/bin/gmake  -f CMakeFiles/cmTC_3bf88.dir/build.make CMakeFiles/cmTC_3bf88.dir/build
gmake[1]: Entering directory '/home/ec2-user/s3/S3C++/sdk_build/CMakeFiles/CMakeTmp'
Building C object CMakeFiles/cmTC_3bf88.dir/src.c.o
/usr/bin/cc -DPTHREAD_SETNAME_TAKES_2ARGS -D_GNU_SOURCE   -o CMakeFiles/cmTC_3bf88.dir/src.c.o -c /home/ec2-user/s3/S3C++/sdk_build/CMakeFiles/CMakeTmp/src.c
/home/ec2-user/s3/S3C++/sdk_build/CMakeFiles/CMakeTmp/src.c:3: warning: "_GNU_SOURCE" redefined
    3 |         #define _GNU_SOURCE
      | 
<command-line>: note: this is the location of the previous definition
Linking C executable cmTC_3bf88
/usr/bin/cmake -E cmake_link_script CMakeFiles/cmTC_3bf88.dir/link.txt --verbose=1
/usr/bin/cc CMakeFiles/cmTC_3bf88.dir/src.c.o -o cmTC_3bf88  -lpthread 
gmake[1]: Leaving directory '/home/ec2-user/s3/S3C++/sdk_build/CMakeFiles/CMakeTmp'


Source file was:

            
        #define _GNU_SOURCE
        #include <pthread.h>

        #if defined(__FreeBSD__) || defined(__NetBSD__) || defined(__OpenBSD__)
        #include <pthread_np.h>
        #endif

        int main() {
            pthread_t thread_id;
        
            pthread_setname_np(thread_id, "asdf");
            }
Performing C SOURCE FILE Test PTHREAD_GETNAME_TAKES_3ARGS succeeded with the following output:
Change Dir: /home/ec2-user/s3/S3C++/sdk_build/CMakeFiles/CMakeTmp

Run Build Command(s):/usr/bin/gmake -f Makefile cmTC_c88a6/fast && /usr/bin/gmake  -f CMakeFiles/cmTC_c88a6.dir/build.make CMakeFiles/cmTC_c88a6.dir/build
gmake[1]: Entering directory '/home/ec2-user/s3/S3C++/sdk_build/CMakeFiles/CMakeTmp'
Building C object CMakeFiles/cmTC_c88a6.dir/src.c.o
/usr/bin/cc -DPTHREAD_GETNAME_TAKES_3ARGS -D_GNU_SOURCE   -o CMakeFiles/cmTC_c88a6.dir/src.c.o -c /home/ec2-user/s3/S3C++/sdk_build/CMakeFiles/CMakeTmp/src.c
/home/ec2-user/s3/S3C++/sdk_build/CMakeFiles/CMakeTmp/src.c:3: warning: "_GNU_SOURCE" redefined
    3 |         #define _GNU_SOURCE
      | 
<command-line>: note: this is the location of the previous definition
Linking C executable cmTC_c88a6
/usr/bin/cmake -E cmake_link_script CMakeFiles/cmTC_c88a6.dir/link.txt --verbose=1
/usr/bin/cc CMakeFiles/cmTC_c88a6.dir/src.c.o -o cmTC_c88a6  -lpthread 
gmake[1]: Leaving directory '/home/ec2-user/s3/S3C++/sdk_build/CMakeFiles/CMakeTmp'


Source file was:

            
        #define _GNU_SOURCE
        #include <pthread.h>

        #if defined(__FreeBSD__) || defined(__NetBSD__) || defined(__OpenBSD__)
        #include <pthread_np.h>
        #endif

        int main() {
            pthread_t thread_id;
        
                char name[16] = {0};
                pthread_getname_np(thread_id, name, 16);
            }
        
Determining if the pathconf exist passed with the following output:
Change Dir: /home/ec2-user/s3/S3C++/sdk_build/CMakeFiles/CMakeTmp

Run Build Command(s):/usr/bin/gmake -f Makefile cmTC_3a8a9/fast && /usr/bin/gmake  -f CMakeFiles/cmTC_3a8a9.dir/build.make CMakeFiles/cmTC_3a8a9.dir/build
gmake[1]: Entering directory '/home/ec2-user/s3/S3C++/sdk_build/CMakeFiles/CMakeTmp'
Building CXX object CMakeFiles/cmTC_3a8a9.dir/CheckSymbolExists.cxx.o
/usr/bin/c++    -o CMakeFiles/cmTC_3a8a9.dir/CheckSymbolExists.cxx.o -c /home/ec2-user/s3/S3C++/sdk_build/CMakeFiles/CMakeTmp/CheckSymbolExists.cxx
Linking CXX executable cmTC_3a8a9
/usr/bin/cmake -E cmake_link_script CMakeFiles/cmTC_3a8a9.dir/link.txt --verbose=1
/usr/bin/c++ -rdynamic CMakeFiles/cmTC_3a8a9.dir/CheckSymbolExists.cxx.o -o cmTC_3a8a9 
gmake[1]: Leaving directory '/home/ec2-user/s3/S3C++/sdk_build/CMakeFiles/CMakeTmp'


File /home/ec2-user/s3/S3C++/sdk_build/CMakeFiles/CMakeTmp/CheckSymbolExists.cxx:
/* */
#include <unistd.h>

int main(int argc, char** argv)
{
  (void)argv;
#ifndef pathconf
  return ((int*)(&pathconf))[argc];
#else
  (void)argc;
  return 0;
#endif
}
Determining if the umask exist passed with the following output:
Change Dir: /home/ec2-user/s3/S3C++/sdk_build/CMakeFiles/CMakeTmp

Run Build Command(s):/usr/bin/gmake -f Makefile cmTC_78dc4/fast && /usr/bin/gmake  -f CMakeFiles/cmTC_78dc4.dir/build.make CMakeFiles/cmTC_78dc4.dir/build
gmake[1]: Entering directory '/home/ec2-user/s3/S3C++/sdk_build/CMakeFiles/CMakeTmp'
Building CXX object CMakeFiles/cmTC_78dc4.dir/CheckSymbolExists.cxx.o
/usr/bin/c++    -o CMakeFiles/cmTC_78dc4.dir/CheckSymbolExists.cxx.o -c /home/ec2-user/s3/S3C++/sdk_build/CMakeFiles/CMakeTmp/CheckSymbolExists.cxx
Linking CXX executable cmTC_78dc4
/usr/bin/cmake -E cmake_link_script CMakeFiles/cmTC_78dc4.dir/link.txt --verbose=1
/usr/bin/c++ -rdynamic CMakeFiles/cmTC_78dc4.dir/CheckSymbolExists.cxx.o -o cmTC_78dc4 
gmake[1]: Leaving directory '/home/ec2-user/s3/S3C++/sdk_build/CMakeFiles/CMakeTmp'


File /home/ec2-user/s3/S3C++/sdk_build/CMakeFiles/CMakeTmp/CheckSymbolExists.cxx:
/* */
#include <sys/stat.h>

int main(int argc, char** argv)
{
  (void)argv;
#ifndef umask
  return ((int*)(&umask))[argc];
#else
  (void)argc;
  return 0;
#endif
}
Performing C SOURCE FILE Test CURL_HAS_H2 succeeded with the following compile output:
Change Dir: /home/ec2-user/s3/S3C++/sdk_build/CMakeFiles/CMakeTmp

Run Build Command(s):/usr/bin/gmake -f Makefile cmTC_15296/fast && /usr/bin/gmake  -f CMakeFiles/cmTC_15296.dir/build.make CMakeFiles/cmTC_15296.dir/build
gmake[1]: Entering directory '/home/ec2-user/s3/S3C++/sdk_build/CMakeFiles/CMakeTmp'
Building C object CMakeFiles/cmTC_15296.dir/src.c.o
/usr/bin/cc -DCURL_HAS_H2   -o CMakeFiles/cmTC_15296.dir/src.c.o -c /home/ec2-user/s3/S3C++/sdk_build/CMakeFiles/CMakeTmp/src.c
Linking C executable cmTC_15296
/usr/bin/cmake -E cmake_link_script CMakeFiles/cmTC_15296.dir/link.txt --verbose=1
/usr/bin/cc -rdynamic CMakeFiles/cmTC_15296.dir/src.c.o -o cmTC_15296  /usr/lib64/libcurl.so 
gmake[1]: Leaving directory '/home/ec2-user/s3/S3C++/sdk_build/CMakeFiles/CMakeTmp'


...and run output:

Return value: 1
Source file was:

    #include <curl/curl.h>
    int main() {
    CURL* handle = curl_easy_init();
    return curl_easy_setopt(handle, CURLOPT_HTTP_VERSION, CURL_HTTP_VERSION_2_0); }
Performing C SOURCE FILE Test CURL_HAS_TLS_PROXY succeeded with the following compile output:
Change Dir: /home/ec2-user/s3/S3C++/sdk_build/CMakeFiles/CMakeTmp

Run Build Command(s):/usr/bin/gmake -f Makefile cmTC_38252/fast && /usr/bin/gmake  -f CMakeFiles/cmTC_38252.dir/build.make CMakeFiles/cmTC_38252.dir/build
gmake[1]: Entering directory '/home/ec2-user/s3/S3C++/sdk_build/CMakeFiles/CMakeTmp'
Building C object CMakeFiles/cmTC_38252.dir/src.c.o
/usr/bin/cc -DCURL_HAS_TLS_PROXY   -o CMakeFiles/cmTC_38252.dir/src.c.o -c /home/ec2-user/s3/S3C++/sdk_build/CMakeFiles/CMakeTmp/src.c
Linking C executable cmTC_38252
/usr/bin/cmake -E cmake_link_script CMakeFiles/cmTC_38252.dir/link.txt --verbose=1
/usr/bin/cc -rdynamic CMakeFiles/cmTC_38252.dir/src.c.o -o cmTC_38252  /usr/lib64/libcurl.so 
gmake[1]: Leaving directory '/home/ec2-user/s3/S3C++/sdk_build/CMakeFiles/CMakeTmp'


...and run output:

Return value: 1
Source file was:

    #include <curl/curl.h>
    int main() {
    CURL* handle = curl_easy_init();
    return curl_easy_setopt(handle, CURLOPT_PROXY_SSLCERT, "client.pem"); }
Performing C++ SOURCE FILE Test AWS_HAS_ALIGNED_ALLOC succeeded with the following output:
Change Dir: /home/ec2-user/s3/S3C++/sdk_build/CMakeFiles/CMakeTmp

Run Build Command(s):/usr/bin/gmake -f Makefile cmTC_6e518/fast && /usr/bin/gmake  -f CMakeFiles/cmTC_6e518.dir/build.make CMakeFiles/cmTC_6e518.dir/build
gmake[1]: Entering directory '/home/ec2-user/s3/S3C++/sdk_build/CMakeFiles/CMakeTmp'
Building CXX object CMakeFiles/cmTC_6e518.dir/src.cxx.o
/usr/bin/c++ -DAWS_HAS_ALIGNED_ALLOC   -o CMakeFiles/cmTC_6e518.dir/src.cxx.o -c /home/ec2-user/s3/S3C++/sdk_build/CMakeFiles/CMakeTmp/src.cxx
Linking CXX executable cmTC_6e518
/usr/bin/cmake -E cmake_link_script CMakeFiles/cmTC_6e518.dir/link.txt --verbose=1
/usr/bin/c++ CMakeFiles/cmTC_6e518.dir/src.cxx.o -o cmTC_6e518  /usr/lib64/libcurl.so 
gmake[1]: Leaving directory '/home/ec2-user/s3/S3C++/sdk_build/CMakeFiles/CMakeTmp'


Source file was:

        #include <stdlib.h>
        int main() {
            void* ptr = aligned_alloc(24, 64);
            return 0;
        }
